创建新连接
1
新用户1e9aeef1-1620-430e-9cbb-5e1955df296b加入房间roomNum=1
1e9aeef1-1620-430e-9cbb-5e1955df296b用户离开
创建新连接
1
新用户d5139fc0-5830-4f55-970b-4974340cc697加入房间roomNum=hubeidiaodu
创建新连接
2
新用户2c34ecd6-2335-4c53-89d8-3866847ca432加入房间roomNum=1167&audio=false
2c34ecd6-2335-4c53-89d8-3866847ca432用户离开
d5139fc0-5830-4f55-970b-4974340cc697用户离开
创建新连接
1
新用户6ecce439-41db-4a75-a00c-d38c741f194c加入房间roomNum=diandiao&audio=true
创建新连接
2
新用户0cb60e88-aafc-4675-91c4-aaab71b769c0加入房间roomNum=hubeidiaodu
创建新连接
3
新用户17fce6e7-b534-4b6b-9718-dc266a09c8bd加入房间roomNum=diandiao&audio=true
创建新连接
4
新用户8376b56e-59fd-4456-b5a0-bbe2e7ee238f加入房间roomNum=hebeidiaodu
接收到来自17fce6e7-b534-4b6b-9718-dc266a09c8bd的Offer
接收到来自17fce6e7-b534-4b6b-9718-dc266a09c8bd的ICE Candidate
接收到来自17fce6e7-b534-4b6b-9718-dc266a09c8bd的ICE Candidate
接收到来自17fce6e7-b534-4b6b-9718-dc266a09c8bd的ICE Candidate
接收到来自17fce6e7-b534-4b6b-9718-dc266a09c8bd的ICE Candidate
接收到来自17fce6e7-b534-4b6b-9718-dc266a09c8bd的ICE Candidate
接收到来自17fce6e7-b534-4b6b-9718-dc266a09c8bd的ICE Candidate
接收到来自17fce6e7-b534-4b6b-9718-dc266a09c8bd的ICE Candidate
接收到来自17fce6e7-b534-4b6b-9718-dc266a09c8bd的ICE Candidate
接收到来自17fce6e7-b534-4b6b-9718-dc266a09c8bd的ICE Candidate
接收到来自17fce6e7-b534-4b6b-9718-dc266a09c8bd的ICE Candidate
接收到来自6ecce439-41db-4a75-a00c-d38c741f194c的Answer
接收到来自6ecce439-41db-4a75-a00c-d38c741f194c的ICE Candidate
接收到来自6ecce439-41db-4a75-a00c-d38c741f194c的ICE Candidate
接收到来自6ecce439-41db-4a75-a00c-d38c741f194c的ICE Candidate
接收到来自6ecce439-41db-4a75-a00c-d38c741f194c的ICE Candidate
接收到来自6ecce439-41db-4a75-a00c-d38c741f194c的ICE Candidate
接收到来自6ecce439-41db-4a75-a00c-d38c741f194c的ICE Candidate
接收到来自17fce6e7-b534-4b6b-9718-dc266a09c8bd的ICE Candidate
接收到来自17fce6e7-b534-4b6b-9718-dc266a09c8bd的ICE Candidate
接收到来自17fce6e7-b534-4b6b-9718-dc266a09c8bd的ICE Candidate
接收到来自17fce6e7-b534-4b6b-9718-dc266a09c8bd的ICE Candidate
接收到来自6ecce439-41db-4a75-a00c-d38c741f194c的ICE Candidate
接收到来自6ecce439-41db-4a75-a00c-d38c741f194c的ICE Candidate
接收到来自6ecce439-41db-4a75-a00c-d38c741f194c的ICE Candidate
17fce6e7-b534-4b6b-9718-dc266a09c8bd用户离开
8376b56e-59fd-4456-b5a0-bbe2e7ee238f用户离开
6ecce439-41db-4a75-a00c-d38c741f194c用户离开
0cb60e88-aafc-4675-91c4-aaab71b769c0用户离开
创建新连接
1
新用户28a39033-2cf2-49a1-a1a7-8c28b0ab4164加入房间roomNum=hubeidiaodu
创建新连接
2
新用户e309cdf8-f4de-40ed-b6e3-f402ab5d67c5加入房间roomNum=1174&audio=false
e309cdf8-f4de-40ed-b6e3-f402ab5d67c5用户离开
28a39033-2cf2-49a1-a1a7-8c28b0ab4164用户离开
创建新连接
1
新用户6c6fa144-3c0c-4545-ab8b-056224e42401加入房间roomNum=&audio=false
创建新连接
2
新用户8d219b3e-6c6f-40aa-8872-acd188542660加入房间roomNum=hubeidiaodu
创建新连接
3
新用户7dd04152-298b-4130-9e2d-3721ceaf45e4加入房间roomNum=1176&audio=false
创建新连接
4
新用户f1d44414-054a-49c9-9df7-9aa380c78883加入房间roomNum=hebeidiaodu
7dd04152-298b-4130-9e2d-3721ceaf45e4用户离开
f1d44414-054a-49c9-9df7-9aa380c78883用户离开
创建新连接
3
新用户1d9715d1-6f7b-41e1-91dd-1cc5ff514c2e加入房间roomNum=1176&audio=false
创建新连接
4
新用户938e638e-a6fc-430d-9d74-4d3dd08ea3d4加入房间roomNum=hebeidiaodu
6c6fa144-3c0c-4545-ab8b-056224e42401用户离开
8d219b3e-6c6f-40aa-8872-acd188542660用户离开
1d9715d1-6f7b-41e1-91dd-1cc5ff514c2e用户离开
938e638e-a6fc-430d-9d74-4d3dd08ea3d4用户离开
创建新连接
1
新用户fe70f19a-a3e4-41ca-9876-e4071d5dd606加入房间roomNum=1177&audio=false
创建新连接
2
新用户b19f2105-0520-442c-8728-eade3d99b9e4加入房间roomNum=hebeidiaodu
创建新连接
3
新用户e86c956b-99c1-4987-8a59-a0288faca65b加入房间roomNum=&audio=false
创建新连接
4
新用户3af1c9dc-ed69-440e-b9dd-1a28169f2648加入房间roomNum=hubeidiaodu
e86c956b-99c1-4987-8a59-a0288faca65b用户离开
3af1c9dc-ed69-440e-b9dd-1a28169f2648用户离开
fe70f19a-a3e4-41ca-9876-e4071d5dd606用户离开
b19f2105-0520-442c-8728-eade3d99b9e4用户离开
创建新连接
1
新用户091523f9-3a82-4e04-8239-2e77d3119140加入房间roomNum=&audio=false
创建新连接
2
新用户54a81a24-9c78-42e4-b056-d43c79ec2589加入房间roomNum=hubeidiaodu
创建新连接
3
新用户c6e224b9-4cfc-4828-be96-00f231b04215加入房间roomNum=hebeidiaodu
创建新连接
4
新用户604d83b7-8f57-4e69-810d-b6034d4b11b8加入房间roomNum=1178&audio=false
c6e224b9-4cfc-4828-be96-00f231b04215用户离开
604d83b7-8f57-4e69-810d-b6034d4b11b8用户离开
创建新连接
3
新用户8226f1c0-b2b1-4d30-953b-ce9365f6c78c加入房间roomNum=hebeidiaodu
8226f1c0-b2b1-4d30-953b-ce9365f6c78c用户离开
创建新连接
3
新用户61c9ee0d-c7b3-4de1-8496-bf9dd9643b12加入房间roomNum=1178&audio=false
创建新连接
4
新用户869d6ef4-f318-4c0b-a168-3b905050c18c加入房间roomNum=hebeidiaodu
869d6ef4-f318-4c0b-a168-3b905050c18c用户离开
091523f9-3a82-4e04-8239-2e77d3119140用户离开
54a81a24-9c78-42e4-b056-d43c79ec2589用户离开
61c9ee0d-c7b3-4de1-8496-bf9dd9643b12用户离开
创建新连接
1
新用户0af4e6d1-68a5-432a-9d99-372c1956931f加入房间roomNum=diandiao&audio=true
创建新连接
2
新用户86928192-6d05-450e-82b8-35233bdae1b4加入房间roomNum=hebeidiaodu
0af4e6d1-68a5-432a-9d99-372c1956931f用户离开
86928192-6d05-450e-82b8-35233bdae1b4用户离开
创建新连接
1
新用户3ebe77d9-3ab6-4fc7-8065-aaeacb93926a加入房间roomNum=1
3ebe77d9-3ab6-4fc7-8065-aaeacb93926a用户离开
创建新连接
1
新用户576be9ce-d9c1-40b0-a872-46a80d2cb072加入房间roomNum=1000
创建新连接
2
新用户02e2daa4-e0b3-4521-8fda-61dc84e1937b加入房间roomNum=&audio=false
创建新连接
3
新用户0b567c89-ba79-4048-b9d9-f970a505ab9f加入房间roomNum=1179&audio=false
创建新连接
4
新用户7e1b8bfd-2c56-4546-a88b-3d0db84033df加入房间roomNum=hebeidiaodu
创建新连接
5
新用户5a3e6a5a-86bb-4c4d-96f5-3327288e3e74加入房间roomNum=hubeidiaodu
02e2daa4-e0b3-4521-8fda-61dc84e1937b用户离开
5a3e6a5a-86bb-4c4d-96f5-3327288e3e74用户离开
0b567c89-ba79-4048-b9d9-f970a505ab9f用户离开
7e1b8bfd-2c56-4546-a88b-3d0db84033df用户离开
创建新连接
2
新用户cd980bc1-460c-434b-8eda-9d636ae5771e加入房间roomNum=1180&audio=false
创建新连接
创建新连接
4
新用户cd0f94e3-4ac4-4224-b873-4370d86669fa加入房间roomNum=&audio=false
4
新用户a08b8d2a-d8c6-4f5c-8179-8451b9d74c23加入房间roomNum=hebeidiaodu
创建新连接
5
新用户7c1716d8-3e2f-44a3-87f1-bb22797d0781加入房间roomNum=hubeidiaodu
cd0f94e3-4ac4-4224-b873-4370d86669fa用户离开
创建新连接
5
新用户048f3288-6caf-4b1c-84bb-542458a6e717加入房间roomNum=1180&audio=false
048f3288-6caf-4b1c-84bb-542458a6e717用户离开
创建新连接
5
新用户03248753-1113-4f4f-89b6-97ad01cb1d4f加入房间roomNum=1180&audio=false
接收到来自03248753-1113-4f4f-89b6-97ad01cb1d4f的Offer
接收到来自03248753-1113-4f4f-89b6-97ad01cb1d4f的ICE Candidate
接收到来自03248753-1113-4f4f-89b6-97ad01cb1d4f的ICE Candidate
接收到来自03248753-1113-4f4f-89b6-97ad01cb1d4f的ICE Candidate
接收到来自03248753-1113-4f4f-89b6-97ad01cb1d4f的ICE Candidate
接收到来自03248753-1113-4f4f-89b6-97ad01cb1d4f的ICE Candidate
03248753-1113-4f4f-89b6-97ad01cb1d4f用户离开
创建新连接
5
新用户083294fb-cb37-4e97-8b1a-7bd5bc0c21dc加入房间roomNum=1180&audio=false
接收到来自083294fb-cb37-4e97-8b1a-7bd5bc0c21dc的Offer
接收到来自083294fb-cb37-4e97-8b1a-7bd5bc0c21dc的ICE Candidate
接收到来自083294fb-cb37-4e97-8b1a-7bd5bc0c21dc的ICE Candidate
接收到来自083294fb-cb37-4e97-8b1a-7bd5bc0c21dc的ICE Candidate
接收到来自083294fb-cb37-4e97-8b1a-7bd5bc0c21dc的ICE Candidate
接收到来自083294fb-cb37-4e97-8b1a-7bd5bc0c21dc的ICE Candidate
083294fb-cb37-4e97-8b1a-7bd5bc0c21dc用户离开
创建新连接
5
新用户6d109658-33c0-4b63-afce-bee198095461加入房间roomNum=1180&audio=false
接收到来自6d109658-33c0-4b63-afce-bee198095461的Offer
接收到来自6d109658-33c0-4b63-afce-bee198095461的ICE Candidate
接收到来自6d109658-33c0-4b63-afce-bee198095461的ICE Candidate
接收到来自6d109658-33c0-4b63-afce-bee198095461的ICE Candidate
接收到来自6d109658-33c0-4b63-afce-bee198095461的ICE Candidate
接收到来自6d109658-33c0-4b63-afce-bee198095461的ICE Candidate
6d109658-33c0-4b63-afce-bee198095461用户离开
创建新连接
5
新用户72dbf131-7a93-4df0-a010-094b9c1c5b85加入房间roomNum=1180&audio=false
接收到来自72dbf131-7a93-4df0-a010-094b9c1c5b85的Offer
接收到来自72dbf131-7a93-4df0-a010-094b9c1c5b85的ICE Candidate
接收到来自72dbf131-7a93-4df0-a010-094b9c1c5b85的ICE Candidate
接收到来自72dbf131-7a93-4df0-a010-094b9c1c5b85的ICE Candidate
接收到来自72dbf131-7a93-4df0-a010-094b9c1c5b85的ICE Candidate
接收到来自72dbf131-7a93-4df0-a010-094b9c1c5b85的ICE Candidate
72dbf131-7a93-4df0-a010-094b9c1c5b85用户离开
创建新连接
5
新用户ab71bb4d-7b67-4b12-92e1-057127fb79c5加入房间roomNum=1180&audio=false
接收到来自ab71bb4d-7b67-4b12-92e1-057127fb79c5的Offer
接收到来自ab71bb4d-7b67-4b12-92e1-057127fb79c5的ICE Candidate
接收到来自ab71bb4d-7b67-4b12-92e1-057127fb79c5的ICE Candidate
接收到来自ab71bb4d-7b67-4b12-92e1-057127fb79c5的ICE Candidate
接收到来自ab71bb4d-7b67-4b12-92e1-057127fb79c5的ICE Candidate
接收到来自ab71bb4d-7b67-4b12-92e1-057127fb79c5的ICE Candidate
接收到来自ab71bb4d-7b67-4b12-92e1-057127fb79c5的ICE Candidate
接收到来自ab71bb4d-7b67-4b12-92e1-057127fb79c5的ICE Candidate
接收到来自ab71bb4d-7b67-4b12-92e1-057127fb79c5的ICE Candidate
接收到来自ab71bb4d-7b67-4b12-92e1-057127fb79c5的ICE Candidate
接收到来自ab71bb4d-7b67-4b12-92e1-057127fb79c5的ICE Candidate
ab71bb4d-7b67-4b12-92e1-057127fb79c5用户离开
创建新连接
5
新用户230e35d3-d381-43c6-9323-8e97c72aab3e加入房间roomNum=1180&audio=false
接收到来自230e35d3-d381-43c6-9323-8e97c72aab3e的Offer
接收到来自230e35d3-d381-43c6-9323-8e97c72aab3e的ICE Candidate
接收到来自230e35d3-d381-43c6-9323-8e97c72aab3e的ICE Candidate
接收到来自230e35d3-d381-43c6-9323-8e97c72aab3e的ICE Candidate
接收到来自230e35d3-d381-43c6-9323-8e97c72aab3e的ICE Candidate
接收到来自230e35d3-d381-43c6-9323-8e97c72aab3e的ICE Candidate
230e35d3-d381-43c6-9323-8e97c72aab3e用户离开
创建新连接
5
新用户eeb3b026-0e31-429c-a3c0-a4b856865859加入房间roomNum=1180&audio=false
接收到来自eeb3b026-0e31-429c-a3c0-a4b856865859的Offer
接收到来自eeb3b026-0e31-429c-a3c0-a4b856865859的ICE Candidate
接收到来自eeb3b026-0e31-429c-a3c0-a4b856865859的ICE Candidate
接收到来自eeb3b026-0e31-429c-a3c0-a4b856865859的ICE Candidate
接收到来自eeb3b026-0e31-429c-a3c0-a4b856865859的ICE Candidate
接收到来自eeb3b026-0e31-429c-a3c0-a4b856865859的ICE Candidate
eeb3b026-0e31-429c-a3c0-a4b856865859用户离开
创建新连接
5
新用户5ab9fb23-97cd-4d22-8963-545bb534c38c加入房间roomNum=1180&audio=false
接收到来自5ab9fb23-97cd-4d22-8963-545bb534c38c的Offer
接收到来自5ab9fb23-97cd-4d22-8963-545bb534c38c的ICE Candidate
接收到来自5ab9fb23-97cd-4d22-8963-545bb534c38c的ICE Candidate
接收到来自5ab9fb23-97cd-4d22-8963-545bb534c38c的ICE Candidate
接收到来自5ab9fb23-97cd-4d22-8963-545bb534c38c的ICE Candidate
接收到来自5ab9fb23-97cd-4d22-8963-545bb534c38c的ICE Candidate
5ab9fb23-97cd-4d22-8963-545bb534c38c用户离开
创建新连接
5
新用户736ee951-017f-41ee-9c81-7cabd5f88bb5加入房间roomNum=1180&audio=false
接收到来自736ee951-017f-41ee-9c81-7cabd5f88bb5的Offer
接收到来自736ee951-017f-41ee-9c81-7cabd5f88bb5的ICE Candidate
接收到来自736ee951-017f-41ee-9c81-7cabd5f88bb5的ICE Candidate
接收到来自736ee951-017f-41ee-9c81-7cabd5f88bb5的ICE Candidate
接收到来自736ee951-017f-41ee-9c81-7cabd5f88bb5的ICE Candidate
接收到来自736ee951-017f-41ee-9c81-7cabd5f88bb5的ICE Candidate
736ee951-017f-41ee-9c81-7cabd5f88bb5用户离开
创建新连接
5
新用户60843342-6fab-4744-9927-22f8c1f16ba2加入房间roomNum=1180&audio=false
接收到来自60843342-6fab-4744-9927-22f8c1f16ba2的Offer
接收到来自60843342-6fab-4744-9927-22f8c1f16ba2的ICE Candidate
接收到来自60843342-6fab-4744-9927-22f8c1f16ba2的ICE Candidate
接收到来自60843342-6fab-4744-9927-22f8c1f16ba2的ICE Candidate
接收到来自60843342-6fab-4744-9927-22f8c1f16ba2的ICE Candidate
接收到来自60843342-6fab-4744-9927-22f8c1f16ba2的ICE Candidate
60843342-6fab-4744-9927-22f8c1f16ba2用户离开
创建新连接
5
新用户5172e5ea-6473-4bf7-8094-7944b28d2ee5加入房间roomNum=1180&audio=false
接收到来自5172e5ea-6473-4bf7-8094-7944b28d2ee5的Offer
接收到来自5172e5ea-6473-4bf7-8094-7944b28d2ee5的ICE Candidate
接收到来自5172e5ea-6473-4bf7-8094-7944b28d2ee5的ICE Candidate
接收到来自5172e5ea-6473-4bf7-8094-7944b28d2ee5的ICE Candidate
接收到来自5172e5ea-6473-4bf7-8094-7944b28d2ee5的ICE Candidate
接收到来自5172e5ea-6473-4bf7-8094-7944b28d2ee5的ICE Candidate
576be9ce-d9c1-40b0-a872-46a80d2cb072用户离开
5172e5ea-6473-4bf7-8094-7944b28d2ee5用户离开
创建新连接
创建新连接
5
新用户9209d5c7-ea40-45f1-954d-29f8a16251b4加入房间roomNum=1180&audio=false
接收到来自9209d5c7-ea40-45f1-954d-29f8a16251b4的Offer
接收到来自9209d5c7-ea40-45f1-954d-29f8a16251b4的ICE Candidate
接收到来自9209d5c7-ea40-45f1-954d-29f8a16251b4的ICE Candidate
接收到来自9209d5c7-ea40-45f1-954d-29f8a16251b4的ICE Candidate
接收到来自9209d5c7-ea40-45f1-954d-29f8a16251b4的ICE Candidate
接收到来自9209d5c7-ea40-45f1-954d-29f8a16251b4的ICE Candidate
5
新用户ccaf5f71-6976-4ce7-a1a0-9f0989c8fcda加入房间roomNum=1000
9209d5c7-ea40-45f1-954d-29f8a16251b4用户离开
创建新连接
5
新用户6b4642a3-e8de-476a-a154-ecafd215f74e加入房间roomNum=1180&audio=false
接收到来自6b4642a3-e8de-476a-a154-ecafd215f74e的Offer
接收到来自6b4642a3-e8de-476a-a154-ecafd215f74e的ICE Candidate
接收到来自6b4642a3-e8de-476a-a154-ecafd215f74e的ICE Candidate
接收到来自6b4642a3-e8de-476a-a154-ecafd215f74e的ICE Candidate
接收到来自6b4642a3-e8de-476a-a154-ecafd215f74e的ICE Candidate
接收到来自6b4642a3-e8de-476a-a154-ecafd215f74e的ICE Candidate
6b4642a3-e8de-476a-a154-ecafd215f74e用户离开
创建新连接
5
新用户1da7492e-8353-4361-8b46-1ac993706da0加入房间roomNum=1180&audio=false
接收到来自1da7492e-8353-4361-8b46-1ac993706da0的Offer
接收到来自1da7492e-8353-4361-8b46-1ac993706da0的ICE Candidate
接收到来自1da7492e-8353-4361-8b46-1ac993706da0的ICE Candidate
接收到来自1da7492e-8353-4361-8b46-1ac993706da0的ICE Candidate
接收到来自1da7492e-8353-4361-8b46-1ac993706da0的ICE Candidate
接收到来自1da7492e-8353-4361-8b46-1ac993706da0的ICE Candidate
ccaf5f71-6976-4ce7-a1a0-9f0989c8fcda用户离开
1da7492e-8353-4361-8b46-1ac993706da0用户离开
创建新连接
创建新连接
5
新用户2b404d09-17dc-44c2-9661-1c6ab9f401f5加入房间roomNum=1180&audio=false
5
新用户54a8c61b-29d2-4f31-85a1-0e645ae0c851加入房间roomNum=1000
接收到来自2b404d09-17dc-44c2-9661-1c6ab9f401f5的Offer
接收到来自2b404d09-17dc-44c2-9661-1c6ab9f401f5的ICE Candidate
接收到来自2b404d09-17dc-44c2-9661-1c6ab9f401f5的ICE Candidate
接收到来自2b404d09-17dc-44c2-9661-1c6ab9f401f5的ICE Candidate
接收到来自2b404d09-17dc-44c2-9661-1c6ab9f401f5的ICE Candidate
接收到来自2b404d09-17dc-44c2-9661-1c6ab9f401f5的ICE Candidate
2b404d09-17dc-44c2-9661-1c6ab9f401f5用户离开
创建新连接
5
新用户f7420cfd-2769-4b96-ab92-516474d32e1c加入房间roomNum=1180&audio=false
接收到来自f7420cfd-2769-4b96-ab92-516474d32e1c的Offer
接收到来自f7420cfd-2769-4b96-ab92-516474d32e1c的ICE Candidate
接收到来自f7420cfd-2769-4b96-ab92-516474d32e1c的ICE Candidate
接收到来自f7420cfd-2769-4b96-ab92-516474d32e1c的ICE Candidate
接收到来自f7420cfd-2769-4b96-ab92-516474d32e1c的ICE Candidate
接收到来自f7420cfd-2769-4b96-ab92-516474d32e1c的ICE Candidate
f7420cfd-2769-4b96-ab92-516474d32e1c用户离开
创建新连接
5
新用户1c0518af-7563-4a2e-b9c1-736921f373b8加入房间roomNum=1180&audio=false
接收到来自1c0518af-7563-4a2e-b9c1-736921f373b8的Offer
接收到来自1c0518af-7563-4a2e-b9c1-736921f373b8的ICE Candidate
接收到来自1c0518af-7563-4a2e-b9c1-736921f373b8的ICE Candidate
接收到来自1c0518af-7563-4a2e-b9c1-736921f373b8的ICE Candidate
接收到来自1c0518af-7563-4a2e-b9c1-736921f373b8的ICE Candidate
接收到来自1c0518af-7563-4a2e-b9c1-736921f373b8的ICE Candidate
1c0518af-7563-4a2e-b9c1-736921f373b8用户离开
创建新连接
5
新用户da117330-5c33-40c1-8e9a-5006767be882加入房间roomNum=1180&audio=false
接收到来自da117330-5c33-40c1-8e9a-5006767be882的Offer
接收到来自da117330-5c33-40c1-8e9a-5006767be882的ICE Candidate
接收到来自da117330-5c33-40c1-8e9a-5006767be882的ICE Candidate
接收到来自da117330-5c33-40c1-8e9a-5006767be882的ICE Candidate
接收到来自da117330-5c33-40c1-8e9a-5006767be882的ICE Candidate
接收到来自da117330-5c33-40c1-8e9a-5006767be882的ICE Candidate
da117330-5c33-40c1-8e9a-5006767be882用户离开
创建新连接
5
新用户d3fe741a-4a9e-496e-bf37-b0fcc75cf7b7加入房间roomNum=1180&audio=false
接收到来自d3fe741a-4a9e-496e-bf37-b0fcc75cf7b7的Offer
接收到来自d3fe741a-4a9e-496e-bf37-b0fcc75cf7b7的ICE Candidate
接收到来自d3fe741a-4a9e-496e-bf37-b0fcc75cf7b7的ICE Candidate
接收到来自d3fe741a-4a9e-496e-bf37-b0fcc75cf7b7的ICE Candidate
接收到来自d3fe741a-4a9e-496e-bf37-b0fcc75cf7b7的ICE Candidate
接收到来自d3fe741a-4a9e-496e-bf37-b0fcc75cf7b7的ICE Candidate
d3fe741a-4a9e-496e-bf37-b0fcc75cf7b7用户离开
54a8c61b-29d2-4f31-85a1-0e645ae0c851用户离开
创建新连接
4
新用户6ae53702-b6c8-4c5c-8107-823f13c39797加入房间roomNum=1180&audio=false
创建新连接
接收到来自6ae53702-b6c8-4c5c-8107-823f13c39797的Offer
接收到来自6ae53702-b6c8-4c5c-8107-823f13c39797的ICE Candidate
接收到来自6ae53702-b6c8-4c5c-8107-823f13c39797的ICE Candidate
接收到来自6ae53702-b6c8-4c5c-8107-823f13c39797的ICE Candidate
接收到来自6ae53702-b6c8-4c5c-8107-823f13c39797的ICE Candidate
接收到来自6ae53702-b6c8-4c5c-8107-823f13c39797的ICE Candidate
5
新用户2a37cb0c-44ae-4e7a-b761-6d32a8e9430d加入房间roomNum=1000
6ae53702-b6c8-4c5c-8107-823f13c39797用户离开
创建新连接
5
新用户d9b09d97-8030-4599-9cec-23116739b299加入房间roomNum=1180&audio=false
接收到来自d9b09d97-8030-4599-9cec-23116739b299的Offer
接收到来自d9b09d97-8030-4599-9cec-23116739b299的ICE Candidate
接收到来自d9b09d97-8030-4599-9cec-23116739b299的ICE Candidate
接收到来自d9b09d97-8030-4599-9cec-23116739b299的ICE Candidate
接收到来自d9b09d97-8030-4599-9cec-23116739b299的ICE Candidate
接收到来自d9b09d97-8030-4599-9cec-23116739b299的ICE Candidate
d9b09d97-8030-4599-9cec-23116739b299用户离开
创建新连接
5
新用户4514a27e-c8a4-41a4-860d-a506f61ace51加入房间roomNum=1180&audio=false
接收到来自4514a27e-c8a4-41a4-860d-a506f61ace51的Offer
接收到来自4514a27e-c8a4-41a4-860d-a506f61ace51的ICE Candidate
接收到来自4514a27e-c8a4-41a4-860d-a506f61ace51的ICE Candidate
接收到来自4514a27e-c8a4-41a4-860d-a506f61ace51的ICE Candidate
接收到来自4514a27e-c8a4-41a4-860d-a506f61ace51的ICE Candidate
接收到来自4514a27e-c8a4-41a4-860d-a506f61ace51的ICE Candidate
4514a27e-c8a4-41a4-860d-a506f61ace51用户离开
2a37cb0c-44ae-4e7a-b761-6d32a8e9430d用户离开
创建新连接
创建新连接
5
新用户abb6889b-58ab-46f5-88ca-0ca20a6289de加入房间roomNum=1180&audio=false
5
新用户ddbf45c4-f2f8-4f70-970b-910029f5d7da加入房间roomNum=1000
接收到来自abb6889b-58ab-46f5-88ca-0ca20a6289de的Offer
接收到来自abb6889b-58ab-46f5-88ca-0ca20a6289de的ICE Candidate
接收到来自abb6889b-58ab-46f5-88ca-0ca20a6289de的ICE Candidate
接收到来自abb6889b-58ab-46f5-88ca-0ca20a6289de的ICE Candidate
接收到来自abb6889b-58ab-46f5-88ca-0ca20a6289de的ICE Candidate
接收到来自abb6889b-58ab-46f5-88ca-0ca20a6289de的ICE Candidate
abb6889b-58ab-46f5-88ca-0ca20a6289de用户离开
创建新连接
5
新用户75882802-fae5-44cc-8fb8-5f71ed81b394加入房间roomNum=1180&audio=false
接收到来自75882802-fae5-44cc-8fb8-5f71ed81b394的Offer
接收到来自75882802-fae5-44cc-8fb8-5f71ed81b394的ICE Candidate
接收到来自75882802-fae5-44cc-8fb8-5f71ed81b394的ICE Candidate
接收到来自75882802-fae5-44cc-8fb8-5f71ed81b394的ICE Candidate
接收到来自75882802-fae5-44cc-8fb8-5f71ed81b394的ICE Candidate
接收到来自75882802-fae5-44cc-8fb8-5f71ed81b394的ICE Candidate
75882802-fae5-44cc-8fb8-5f71ed81b394用户离开
创建新连接
5
新用户135e871f-e146-4bda-9a97-b798e55baa3d加入房间roomNum=1180&audio=false
接收到来自135e871f-e146-4bda-9a97-b798e55baa3d的Offer
接收到来自135e871f-e146-4bda-9a97-b798e55baa3d的ICE Candidate
接收到来自135e871f-e146-4bda-9a97-b798e55baa3d的ICE Candidate
接收到来自135e871f-e146-4bda-9a97-b798e55baa3d的ICE Candidate
接收到来自135e871f-e146-4bda-9a97-b798e55baa3d的ICE Candidate
接收到来自135e871f-e146-4bda-9a97-b798e55baa3d的ICE Candidate
135e871f-e146-4bda-9a97-b798e55baa3d用户离开
创建新连接
5
新用户68fa02c6-6404-4ef7-ab36-9a721daa4e51加入房间roomNum=1180&audio=false
接收到来自68fa02c6-6404-4ef7-ab36-9a721daa4e51的Offer
接收到来自68fa02c6-6404-4ef7-ab36-9a721daa4e51的ICE Candidate
接收到来自68fa02c6-6404-4ef7-ab36-9a721daa4e51的ICE Candidate
接收到来自68fa02c6-6404-4ef7-ab36-9a721daa4e51的ICE Candidate
接收到来自68fa02c6-6404-4ef7-ab36-9a721daa4e51的ICE Candidate
接收到来自68fa02c6-6404-4ef7-ab36-9a721daa4e51的ICE Candidate
接收到来自68fa02c6-6404-4ef7-ab36-9a721daa4e51的ICE Candidate
接收到来自68fa02c6-6404-4ef7-ab36-9a721daa4e51的ICE Candidate
接收到来自68fa02c6-6404-4ef7-ab36-9a721daa4e51的ICE Candidate
接收到来自68fa02c6-6404-4ef7-ab36-9a721daa4e51的ICE Candidate
接收到来自68fa02c6-6404-4ef7-ab36-9a721daa4e51的ICE Candidate
68fa02c6-6404-4ef7-ab36-9a721daa4e51用户离开
创建新连接
5
新用户8d98ab3e-cb41-44b3-b7de-87a69295fa77加入房间roomNum=1180&audio=false
接收到来自8d98ab3e-cb41-44b3-b7de-87a69295fa77的Offer
接收到来自8d98ab3e-cb41-44b3-b7de-87a69295fa77的ICE Candidate
接收到来自8d98ab3e-cb41-44b3-b7de-87a69295fa77的ICE Candidate
接收到来自8d98ab3e-cb41-44b3-b7de-87a69295fa77的ICE Candidate
接收到来自8d98ab3e-cb41-44b3-b7de-87a69295fa77的ICE Candidate
接收到来自8d98ab3e-cb41-44b3-b7de-87a69295fa77的ICE Candidate
接收到来自8d98ab3e-cb41-44b3-b7de-87a69295fa77的ICE Candidate
接收到来自8d98ab3e-cb41-44b3-b7de-87a69295fa77的ICE Candidate
接收到来自8d98ab3e-cb41-44b3-b7de-87a69295fa77的ICE Candidate
接收到来自8d98ab3e-cb41-44b3-b7de-87a69295fa77的ICE Candidate
接收到来自8d98ab3e-cb41-44b3-b7de-87a69295fa77的ICE Candidate
接收到来自8d98ab3e-cb41-44b3-b7de-87a69295fa77的ICE Candidate
接收到来自8d98ab3e-cb41-44b3-b7de-87a69295fa77的ICE Candidate
接收到来自8d98ab3e-cb41-44b3-b7de-87a69295fa77的ICE Candidate
接收到来自8d98ab3e-cb41-44b3-b7de-87a69295fa77的ICE Candidate
接收到来自8d98ab3e-cb41-44b3-b7de-87a69295fa77的ICE Candidate
接收到来自cd980bc1-460c-434b-8eda-9d636ae5771e的Answer
接收到来自cd980bc1-460c-434b-8eda-9d636ae5771e的ICE Candidate
接收到来自cd980bc1-460c-434b-8eda-9d636ae5771e的ICE Candidate
接收到来自cd980bc1-460c-434b-8eda-9d636ae5771e的ICE Candidate
接收到来自cd980bc1-460c-434b-8eda-9d636ae5771e的ICE Candidate
接收到来自cd980bc1-460c-434b-8eda-9d636ae5771e的ICE Candidate
接收到来自cd980bc1-460c-434b-8eda-9d636ae5771e的ICE Candidate
接收到来自cd980bc1-460c-434b-8eda-9d636ae5771e的ICE Candidate
接收到来自cd980bc1-460c-434b-8eda-9d636ae5771e的ICE Candidate
接收到来自cd980bc1-460c-434b-8eda-9d636ae5771e的ICE Candidate
接收到来自cd980bc1-460c-434b-8eda-9d636ae5771e的ICE Candidate
接收到来自cd980bc1-460c-434b-8eda-9d636ae5771e的ICE Candidate
接收到来自cd980bc1-460c-434b-8eda-9d636ae5771e的ICE Candidate
8d98ab3e-cb41-44b3-b7de-87a69295fa77用户离开
创建新连接
5
新用户edc92dd2-7a12-4b49-bd9d-835e40b9fa34加入房间roomNum=&audio=false
edc92dd2-7a12-4b49-bd9d-835e40b9fa34用户离开
创建新连接
5
新用户060ca3d0-109b-40f0-b384-206d6f529d18加入房间roomNum=&audio=false
060ca3d0-109b-40f0-b384-206d6f529d18用户离开
创建新连接
5
新用户236662c7-0fcb-40dd-b9fa-76d0920e84b7加入房间roomNum=&audio=false
236662c7-0fcb-40dd-b9fa-76d0920e84b7用户离开
创建新连接
5
新用户7527a2c1-4feb-41d7-b735-66250c970223加入房间roomNum=&audio=false
7527a2c1-4feb-41d7-b735-66250c970223用户离开
创建新连接
5
新用户77f636f4-1e40-4f2b-874b-bf433e62b876加入房间roomNum=&audio=false
77f636f4-1e40-4f2b-874b-bf433e62b876用户离开
创建新连接
5
新用户f5ddc8dc-02f5-4827-871b-d994c6a34d38加入房间roomNum=&audio=false
f5ddc8dc-02f5-4827-871b-d994c6a34d38用户离开
创建新连接
5
新用户8fbf7380-efb9-4e32-bbfa-a63df0ad0862加入房间roomNum=&audio=false
8fbf7380-efb9-4e32-bbfa-a63df0ad0862用户离开
创建新连接
5
新用户b5b8ffd4-75d8-4db7-af80-9e99139114a8加入房间roomNum=&audio=false
b5b8ffd4-75d8-4db7-af80-9e99139114a8用户离开
创建新连接
5
新用户ffd4e0b0-87c2-45c1-accd-8e36b902a5ea加入房间roomNum=&audio=false
ffd4e0b0-87c2-45c1-accd-8e36b902a5ea用户离开
创建新连接
5
新用户8d190cd7-92d4-469e-9a4a-34c11371277e加入房间roomNum=&audio=false
8d190cd7-92d4-469e-9a4a-34c11371277e用户离开
创建新连接
5
新用户15c335e1-4caf-49a6-834c-5018031c585f加入房间roomNum=&audio=false
15c335e1-4caf-49a6-834c-5018031c585f用户离开
创建新连接
5
新用户36bc2767-0d06-44d9-80f5-225a3861f65b加入房间roomNum=&audio=false
36bc2767-0d06-44d9-80f5-225a3861f65b用户离开
创建新连接
5
新用户752af8a3-bacc-4505-b1f8-7990d56971ce加入房间roomNum=&audio=false
752af8a3-bacc-4505-b1f8-7990d56971ce用户离开
创建新连接
5
新用户82845769-3a3d-47e0-afa3-eeb245636fda加入房间roomNum=&audio=false
82845769-3a3d-47e0-afa3-eeb245636fda用户离开
cd980bc1-460c-434b-8eda-9d636ae5771e用户离开
a08b8d2a-d8c6-4f5c-8179-8451b9d74c23用户离开
7c1716d8-3e2f-44a3-87f1-bb22797d0781用户离开
创建新连接
2
新用户647f48f3-1d9c-4502-b6e7-3a26dcb7cb15加入房间roomNum=1181&audio=false
创建新连接
3
新用户fb8749d5-90f9-4520-aa84-455e81d6fecd加入房间roomNum=hubeidiaodu
创建新连接
4
新用户bf95c64a-3d70-4b74-beed-c47ee4a3c1c7加入房间roomNum=&audio=false
647f48f3-1d9c-4502-b6e7-3a26dcb7cb15用户离开
创建新连接
fb8749d5-90f9-4520-aa84-455e81d6fecd用户离开
创建新连接
4
新用户4776a7a0-ac73-4f47-b9fc-b8e5e19e9f66加入房间roomNum=hebeidiaodu
4
新用户9a64627e-ca7c-40ed-bfa3-143cb00dcd26加入房间roomNum=1181&audio=false
bf95c64a-3d70-4b74-beed-c47ee4a3c1c7用户离开
创建新连接
4
新用户50d5e769-d731-4038-a9b5-4d0763dcbdc3加入房间roomNum=hubeidiaodu
4776a7a0-ac73-4f47-b9fc-b8e5e19e9f66用户离开
9a64627e-ca7c-40ed-bfa3-143cb00dcd26用户离开
创建新连接
3
新用户bcf2f6b3-3903-4bb5-b447-5c5f40daae86加入房间roomNum=&audio=false
创建新连接
50d5e769-d731-4038-a9b5-4d0763dcbdc3用户离开
创建新连接
4
新用户50085ef6-b95b-4a66-91f3-2da3504e8b03加入房间roomNum=1181&audio=false
4
新用户35a86983-1fc2-46ff-a5e5-2710ee53b2ef加入房间roomNum=hebeidiaodu
创建新连接
5
新用户b6211d63-18c7-47b3-9104-693df93eb63c加入房间roomNum=hubeidiaodu
50085ef6-b95b-4a66-91f3-2da3504e8b03用户离开
35a86983-1fc2-46ff-a5e5-2710ee53b2ef用户离开
创建新连接
b6211d63-18c7-47b3-9104-693df93eb63c用户离开
3
新用户ba522c0f-1f1e-41cf-8795-233b6ba77721加入房间roomNum=1181&audio=false
创建新连接
创建新连接
bcf2f6b3-3903-4bb5-b447-5c5f40daae86用户离开
4
新用户182f3478-496f-4879-820f-cb4afed64d50加入房间roomNum=hebeidiaodu
4
新用户229fb8c0-ea31-4452-beb2-21b630f0d61f加入房间roomNum=hubeidiaodu
创建新连接
ba522c0f-1f1e-41cf-8795-233b6ba77721用户离开
4
新用户84e8de9c-6d5d-4f67-aa1c-9e8e6d162a5b加入房间roomNum=&audio=false
创建新连接
182f3478-496f-4879-820f-cb4afed64d50用户离开
229fb8c0-ea31-4452-beb2-21b630f0d61f用户离开
3
新用户2f3f6354-08cb-44ee-aca9-bcb53940e345加入房间roomNum=1181&audio=false
创建新连接
创建新连接
5
新用户3b078f8c-a213-4a84-a0d5-d08b0296f3d1加入房间roomNum=hebeidiaodu
5
新用户05731371-916d-45e2-9b81-da390758236b加入房间roomNum=hubeidiaodu
2f3f6354-08cb-44ee-aca9-bcb53940e345用户离开
创建新连接
3b078f8c-a213-4a84-a0d5-d08b0296f3d1用户离开
05731371-916d-45e2-9b81-da390758236b用户离开
3
新用户d793641d-d7c4-46fc-ba9b-f034f9afbed9加入房间roomNum=1181&audio=false
创建新连接
创建新连接
5
新用户d554c081-a17e-46df-be93-4aac8236b856加入房间roomNum=hebeidiaodu
5
新用户cd0e3eb6-0949-4ab3-a5b1-b228457d1bc6加入房间roomNum=hubeidiaodu
d793641d-d7c4-46fc-ba9b-f034f9afbed9用户离开
创建新连接
d554c081-a17e-46df-be93-4aac8236b856用户离开
cd0e3eb6-0949-4ab3-a5b1-b228457d1bc6用户离开
3
新用户547999f0-382e-4db6-9d81-8191c67ffc1e加入房间roomNum=1181&audio=false
84e8de9c-6d5d-4f67-aa1c-9e8e6d162a5b用户离开
创建新连接
创建新连接
4
新用户6e3537b8-176e-4319-a1a1-c5e47d17f186加入房间roomNum=hebeidiaodu
4
新用户b0f1be88-a4f6-4e03-9af1-8d1617fbd583加入房间roomNum=hubeidiaodu
创建新连接
547999f0-382e-4db6-9d81-8191c67ffc1e用户离开
4
新用户84ac5169-9387-4049-9cec-9bdb5cb41a99加入房间roomNum=&audio=false
创建新连接
6e3537b8-176e-4319-a1a1-c5e47d17f186用户离开
b0f1be88-a4f6-4e03-9af1-8d1617fbd583用户离开
3
新用户007768d2-a3d0-4ff0-966a-be758350f7e6加入房间roomNum=1181&audio=false
创建新连接
创建新连接
5
新用户788d84e8-d7bb-493c-a226-239aa8fc681e加入房间roomNum=hubeidiaodu
5
新用户d73640b2-8034-4867-a42f-acace167532f加入房间roomNum=hebeidiaodu
007768d2-a3d0-4ff0-966a-be758350f7e6用户离开
创建新连接
788d84e8-d7bb-493c-a226-239aa8fc681e用户离开
d73640b2-8034-4867-a42f-acace167532f用户离开
3
新用户77b2505f-82c1-4832-9807-815701169775加入房间roomNum=1181&audio=false
创建新连接
创建新连接
5
新用户69da3b00-c91d-4da5-b1fa-3e6c5ae1b6b8加入房间roomNum=hubeidiaodu
5
新用户301b6386-b501-4a97-ad36-1ac33aea1310加入房间roomNum=hebeidiaodu
77b2505f-82c1-4832-9807-815701169775用户离开
创建新连接
69da3b00-c91d-4da5-b1fa-3e6c5ae1b6b8用户离开
4
新用户bcf4fef1-081d-4b8b-a12a-959138d4aa17加入房间roomNum=1181&audio=false
创建新连接
301b6386-b501-4a97-ad36-1ac33aea1310用户离开
4
新用户d6c666a5-62c1-468e-823d-50b0d9c09276加入房间roomNum=hubeidiaodu
创建新连接
bcf4fef1-081d-4b8b-a12a-959138d4aa17用户离开
4
新用户def7f326-888a-4aa7-9a5d-65bd4fd23ae6加入房间roomNum=hebeidiaodu
创建新连接
d6c666a5-62c1-468e-823d-50b0d9c09276用户离开
4
新用户68efb95b-4b68-493a-8111-82e1beb81b89加入房间roomNum=1181&audio=false
创建新连接
def7f326-888a-4aa7-9a5d-65bd4fd23ae6用户离开
4
新用户cd2f9811-6577-4a9f-b3cf-5737abff5157加入房间roomNum=hubeidiaodu
84ac5169-9387-4049-9cec-9bdb5cb41a99用户离开
68efb95b-4b68-493a-8111-82e1beb81b89用户离开
创建新连接
创建新连接
4
新用户fe5587bb-18c9-4676-9a6b-b03c25d103f6加入房间roomNum=hebeidiaodu
cd2f9811-6577-4a9f-b3cf-5737abff5157用户离开
3
新用户d6b8354b-7279-4824-910f-fdf855354cbb加入房间roomNum=1181&audio=false
创建新连接
创建新连接
5
新用户e35c3fe9-65ef-469b-93b4-2c3647f53bd4加入房间roomNum=&audio=false
5
新用户058c8e99-4f24-4087-a323-1f9d4b10e6a3加入房间roomNum=hubeidiaodu
fe5587bb-18c9-4676-9a6b-b03c25d103f6用户离开
d6b8354b-7279-4824-910f-fdf855354cbb用户离开
创建新连接
创建新连接
5
新用户b972d3b9-46ef-4630-adc4-83607a5f7f90加入房间roomNum=hebeidiaodu
058c8e99-4f24-4087-a323-1f9d4b10e6a3用户离开
4
新用户a36ff828-d1d3-4ad5-984b-8da2ba54b5a9加入房间roomNum=1181&audio=false
创建新连接
5
新用户ee0a86e6-9e93-49ce-b831-f0fe17362173加入房间roomNum=hubeidiaodu
b972d3b9-46ef-4630-adc4-83607a5f7f90用户离开
a36ff828-d1d3-4ad5-984b-8da2ba54b5a9用户离开
创建新连接
创建新连接
5
新用户d3c38562-5dcc-479a-a8c8-3d5da1f9ffd0加入房间roomNum=hebeidiaodu
ee0a86e6-9e93-49ce-b831-f0fe17362173用户离开
4
新用户fbffb4c6-8f32-498c-b318-09993088eb93加入房间roomNum=1181&audio=false
创建新连接
5
新用户f7b1e5e9-22fb-42b5-a1bd-086018cc1482加入房间roomNum=hubeidiaodu
d3c38562-5dcc-479a-a8c8-3d5da1f9ffd0用户离开
fbffb4c6-8f32-498c-b318-09993088eb93用户离开
创建新连接
创建新连接
5
新用户a244c1cf-9379-4314-b7fc-011d098338cd加入房间roomNum=hebeidiaodu
f7b1e5e9-22fb-42b5-a1bd-086018cc1482用户离开
4
新用户ddf826a4-7508-4840-9f14-bc08f117a8d2加入房间roomNum=1181&audio=false
创建新连接
5
新用户7151429a-f4a8-434c-b942-76e6b058e08b加入房间roomNum=hubeidiaodu
a244c1cf-9379-4314-b7fc-011d098338cd用户离开
ddf826a4-7508-4840-9f14-bc08f117a8d2用户离开
创建新连接
创建新连接
7151429a-f4a8-434c-b942-76e6b058e08b用户离开
4
新用户64999984-fad8-498e-ab99-7beaee18a151加入房间roomNum=1181&audio=false
4
新用户71e13a63-6079-4abf-977f-72c9415318c7加入房间roomNum=hebeidiaodu
e35c3fe9-65ef-469b-93b4-2c3647f53bd4用户离开
71e13a63-6079-4abf-977f-72c9415318c7用户离开
64999984-fad8-498e-ab99-7beaee18a151用户离开
创建新连接
2
新用户1fd4c7f5-fc86-4a84-b6a8-272c9696098d加入房间roomNum=&audio=false
创建新连接
创建新连接
4
新用户b10298a5-8b7f-48b7-bc49-e45d0e867fec加入房间roomNum=1181&audio=false
4
新用户8a0d9d0b-539d-4392-a306-e3cda6532267加入房间roomNum=hebeidiaodu
1fd4c7f5-fc86-4a84-b6a8-272c9696098d用户离开
b10298a5-8b7f-48b7-bc49-e45d0e867fec用户离开
8a0d9d0b-539d-4392-a306-e3cda6532267用户离开
创建新连接
2
新用户f8f227a5-01fb-41a8-b88c-9d159b6298f0加入房间roomNum=1181&audio=false
f8f227a5-01fb-41a8-b88c-9d159b6298f0用户离开
创建新连接
2
新用户d0b04050-effc-440d-9eb5-ba37bc069228加入房间roomNum=1181&audio=false
d0b04050-effc-440d-9eb5-ba37bc069228用户离开
创建新连接
2
新用户b4e9dbec-a0de-4bc7-b593-178b44dc4ee4加入房间roomNum=1181&audio=false
b4e9dbec-a0de-4bc7-b593-178b44dc4ee4用户离开
创建新连接
2
新用户dd62441f-e558-4ead-8c21-0e15ebf234dd加入房间roomNum=1181&audio=false
dd62441f-e558-4ead-8c21-0e15ebf234dd用户离开
创建新连接
2
新用户c21149be-804d-4b52-8413-d8d01075083d加入房间roomNum=1181&audio=false
c21149be-804d-4b52-8413-d8d01075083d用户离开
创建新连接
2
新用户ac320b39-c912-4050-bb69-965900ec1df7加入房间roomNum=1181&audio=false
ac320b39-c912-4050-bb69-965900ec1df7用户离开
创建新连接
2
新用户76eb5d65-87b8-42f0-a377-f05132849081加入房间roomNum=1181&audio=false
76eb5d65-87b8-42f0-a377-f05132849081用户离开
创建新连接
2
新用户3d406fb6-9773-4cb7-a045-58f79475034c加入房间roomNum=1181&audio=false
3d406fb6-9773-4cb7-a045-58f79475034c用户离开
创建新连接
2
新用户0b2948ad-bca3-42b8-b7c7-cf232c1c84e6加入房间roomNum=1181&audio=false
0b2948ad-bca3-42b8-b7c7-cf232c1c84e6用户离开
创建新连接
2
新用户5c36501a-d463-45fd-ad7c-34046ba11986加入房间roomNum=diandiao&audio=true
创建新连接
3
新用户5b2ba73f-6153-49be-b2a3-9757ffe0489b加入房间roomNum=hubeidiaodu
5b2ba73f-6153-49be-b2a3-9757ffe0489b用户离开
5c36501a-d463-45fd-ad7c-34046ba11986用户离开
创建新连接
2
新用户ca949290-ab81-4473-ac17-4d5217a6c65e加入房间roomNum=hubeidiaodu
创建新连接
3
新用户b5a488f7-08a0-4af4-b140-fc1e7962938c加入房间roomNum=diandiao&audio=true
ca949290-ab81-4473-ac17-4d5217a6c65e用户离开
创建新连接
3
新用户0b60e5de-44d4-46f3-9246-8c23d0e814a8加入房间roomNum=hubeidiaodu
b5a488f7-08a0-4af4-b140-fc1e7962938c用户离开
创建新连接
0b60e5de-44d4-46f3-9246-8c23d0e814a8用户离开
2
新用户0b6d0a13-a324-4907-9ef4-8743386f9e3a加入房间roomNum=diandiao&audio=true
创建新连接
3
新用户d1a753d3-5c3f-40a3-8c77-e4f8e9913869加入房间roomNum=hubeidiaodu
0b6d0a13-a324-4907-9ef4-8743386f9e3a用户离开
创建新连接
3
新用户11b4ed47-2ed9-4da3-bd91-186b3930e117加入房间roomNum=diandiao&audio=true
d1a753d3-5c3f-40a3-8c77-e4f8e9913869用户离开
创建新连接
3
新用户34057285-bc45-4991-8025-10e1962e6a49加入房间roomNum=hubeidiaodu
11b4ed47-2ed9-4da3-bd91-186b3930e117用户离开
创建新连接
3
新用户bd18b8f4-1bbc-4551-bced-f0239e53dec7加入房间roomNum=diandiao&audio=true
34057285-bc45-4991-8025-10e1962e6a49用户离开
创建新连接
3
新用户6c29b4e4-abf4-49ca-8fcd-5469eca3fbe5加入房间roomNum=hubeidiaodu
bd18b8f4-1bbc-4551-bced-f0239e53dec7用户离开
创建新连接
3
新用户96c3de7d-fe34-4f43-b4de-5d363881fe76加入房间roomNum=diandiao&audio=true
6c29b4e4-abf4-49ca-8fcd-5469eca3fbe5用户离开
96c3de7d-fe34-4f43-b4de-5d363881fe76用户离开
创建新连接
2
新用户36197fda-f09b-42a0-9dcb-9c8082a13176加入房间roomNum=diandiao&audio=true
36197fda-f09b-42a0-9dcb-9c8082a13176用户离开
ddbf45c4-f2f8-4f70-970b-910029f5d7da用户离开
创建新连接
1
新用户03a534ea-3c55-4055-bd0a-5eb73f291260加入房间roomNum=1000
03a534ea-3c55-4055-bd0a-5eb73f291260用户离开
创建新连接
1
新用户f6e81e5e-2a44-4ad6-89b4-7c1ad98a0285加入房间roomNum=10000
创建新连接
2
新用户bec49c45-27fc-4953-ab9e-9a53601250f3加入房间roomNum=10000
接收到来自bec49c45-27fc-4953-ab9e-9a53601250f3的Offer
接收到来自f6e81e5e-2a44-4ad6-89b4-7c1ad98a0285的Answer
接收到来自bec49c45-27fc-4953-ab9e-9a53601250f3的ICE Candidate
接收到来自bec49c45-27fc-4953-ab9e-9a53601250f3的ICE Candidate
接收到来自bec49c45-27fc-4953-ab9e-9a53601250f3的ICE Candidate
接收到来自f6e81e5e-2a44-4ad6-89b4-7c1ad98a0285的ICE Candidate
接收到来自f6e81e5e-2a44-4ad6-89b4-7c1ad98a0285的ICE Candidate
接收到来自bec49c45-27fc-4953-ab9e-9a53601250f3的ICE Candidate
接收到来自bec49c45-27fc-4953-ab9e-9a53601250f3的ICE Candidate
接收到来自f6e81e5e-2a44-4ad6-89b4-7c1ad98a0285的ICE Candidate
接收到来自f6e81e5e-2a44-4ad6-89b4-7c1ad98a0285的ICE Candidate
创建新连接
3
新用户c77ef5ac-31c2-4a8d-83d9-49ccf7a731fc加入房间roomNum=10000
接收到来自c77ef5ac-31c2-4a8d-83d9-49ccf7a731fc的Offer
接收到来自c77ef5ac-31c2-4a8d-83d9-49ccf7a731fc的Offer
接收到来自c77ef5ac-31c2-4a8d-83d9-49ccf7a731fc的ICE Candidate
接收到来自c77ef5ac-31c2-4a8d-83d9-49ccf7a731fc的ICE Candidate
接收到来自c77ef5ac-31c2-4a8d-83d9-49ccf7a731fc的ICE Candidate
接收到来自c77ef5ac-31c2-4a8d-83d9-49ccf7a731fc的ICE Candidate
接收到来自c77ef5ac-31c2-4a8d-83d9-49ccf7a731fc的ICE Candidate
接收到来自c77ef5ac-31c2-4a8d-83d9-49ccf7a731fc的ICE Candidate
接收到来自f6e81e5e-2a44-4ad6-89b4-7c1ad98a0285的Answer
接收到来自bec49c45-27fc-4953-ab9e-9a53601250f3的Answer
接收到来自f6e81e5e-2a44-4ad6-89b4-7c1ad98a0285的ICE Candidate
接收到来自f6e81e5e-2a44-4ad6-89b4-7c1ad98a0285的ICE Candidate
接收到来自c77ef5ac-31c2-4a8d-83d9-49ccf7a731fc的ICE Candidate
接收到来自c77ef5ac-31c2-4a8d-83d9-49ccf7a731fc的ICE Candidate
接收到来自c77ef5ac-31c2-4a8d-83d9-49ccf7a731fc的ICE Candidate
接收到来自bec49c45-27fc-4953-ab9e-9a53601250f3的ICE Candidate
接收到来自c77ef5ac-31c2-4a8d-83d9-49ccf7a731fc的ICE Candidate
接收到来自bec49c45-27fc-4953-ab9e-9a53601250f3的ICE Candidate
接收到来自c77ef5ac-31c2-4a8d-83d9-49ccf7a731fc的ICE Candidate
接收到来自c77ef5ac-31c2-4a8d-83d9-49ccf7a731fc的ICE Candidate
接收到来自f6e81e5e-2a44-4ad6-89b4-7c1ad98a0285的ICE Candidate
接收到来自f6e81e5e-2a44-4ad6-89b4-7c1ad98a0285的ICE Candidate
接收到来自bec49c45-27fc-4953-ab9e-9a53601250f3的ICE Candidate
接收到来自bec49c45-27fc-4953-ab9e-9a53601250f3的ICE Candidate
c77ef5ac-31c2-4a8d-83d9-49ccf7a731fc用户离开
bec49c45-27fc-4953-ab9e-9a53601250f3用户离开
f6e81e5e-2a44-4ad6-89b4-7c1ad98a0285用户离开
创建新连接
1
新用户e7eafd68-7fe7-41f9-8a3b-de77f0b3752c加入房间roomNum=diandiao&audio=true
创建新连接
2
新用户fc12e95a-dd2e-4f96-9a13-88e7a8d62618加入房间roomNum=hebeidiaodu
fc12e95a-dd2e-4f96-9a13-88e7a8d62618用户离开
e7eafd68-7fe7-41f9-8a3b-de77f0b3752c用户离开
创建新连接
1
新用户edb9bc97-1743-47bd-9c15-c44454ced617加入房间roomNum=hebeidiaodu
创建新连接
2
新用户91349351-8e67-401b-bf9a-a7e401fd17ad加入房间roomNum=diandiao&audio=true
edb9bc97-1743-47bd-9c15-c44454ced617用户离开
91349351-8e67-401b-bf9a-a7e401fd17ad用户离开
创建新连接
1
新用户d82c56e0-01c7-40aa-8335-843c7dde58e3加入房间roomNum=
d82c56e0-01c7-40aa-8335-843c7dde58e3用户离开
创建新连接
1
新用户61b7e800-16fc-4d84-9d88-14c23e688bfd加入房间roomNum=diandiao&audio=true
61b7e800-16fc-4d84-9d88-14c23e688bfd用户离开
创建新连接
1
新用户74d2ce2c-9614-4eb0-a3a4-257f46ba8255加入房间roomNum=diandiao&audio=true
74d2ce2c-9614-4eb0-a3a4-257f46ba8255用户离开
创建新连接
1
新用户67877bfe-53a2-45e1-922c-9f5b33e95b40加入房间roomNum=diandiao&audio=true
67877bfe-53a2-45e1-922c-9f5b33e95b40用户离开
创建新连接
1
新用户05d36cd8-99a0-4046-b081-8cebc84bd067加入房间roomNum=diandiao&audio=true
05d36cd8-99a0-4046-b081-8cebc84bd067用户离开
创建新连接
1
新用户16fa3543-c55d-4430-85ae-999fe77b8b0a加入房间roomName=1
16fa3543-c55d-4430-85ae-999fe77b8b0a用户离开
创建新连接
1
新用户21dcb805-6d1f-4935-a2af-42ee6c153955加入房间roomName=1
21dcb805-6d1f-4935-a2af-42ee6c153955用户离开
创建新连接
1
新用户832c83fe-ebe1-4c0a-bff2-041a39f93ba1加入房间roomName=1
832c83fe-ebe1-4c0a-bff2-041a39f93ba1用户离开
创建新连接
1
新用户dde42731-ec4e-40b5-8cfb-4ebd178ff34a加入房间roomName=1
dde42731-ec4e-40b5-8cfb-4ebd178ff34a用户离开
创建新连接
1
新用户2a02e1d7-d76f-4d0b-9c18-3dfef8b2b64d加入房间roomNum=1044&audio=false
2a02e1d7-d76f-4d0b-9c18-3dfef8b2b64d用户离开
创建新连接
1
新用户e8a151bd-1dcd-4d80-a028-5dfb853c9acc加入房间roomNum=1044&audio=false
e8a151bd-1dcd-4d80-a028-5dfb853c9acc用户离开
创建新连接
1
新用户7ee58545-d262-4333-88bd-5dd6461ad5c3加入房间roomNum=1046&audio=false
7ee58545-d262-4333-88bd-5dd6461ad5c3用户离开
创建新连接
1
新用户7c5157ec-c81e-4bcb-b356-2c8b9708d672加入房间roomNum=1061&audio=false
7c5157ec-c81e-4bcb-b356-2c8b9708d672用户离开
创建新连接
1
新用户8fe6837c-b48d-473e-9474-796da3a04705加入房间roomNum=1061&audio=false
8fe6837c-b48d-473e-9474-796da3a04705用户离开
创建新连接
1
新用户9ed44cf9-510b-4b06-8f88-54c389040402加入房间roomNum=1061&audio=false
9ed44cf9-510b-4b06-8f88-54c389040402用户离开
创建新连接
1
新用户f1389ace-82d1-41e5-8b12-753ffdf88cc4加入房间roomNum=1061&audio=false
f1389ace-82d1-41e5-8b12-753ffdf88cc4用户离开
创建新连接
1
新用户89a697b0-8b46-4bbc-b4fc-588213f02486加入房间roomNum=1061&audio=false
89a697b0-8b46-4bbc-b4fc-588213f02486用户离开
创建新连接
1
新用户7c369b2c-1558-409e-998f-7fe031cd31b5加入房间roomNum=1061&audio=false
7c369b2c-1558-409e-998f-7fe031cd31b5用户离开
创建新连接
1
新用户c1417ad9-ce97-4732-b06c-81809d21fc9a加入房间roomNum=1061&audio=false
c1417ad9-ce97-4732-b06c-81809d21fc9a用户离开
创建新连接
1
新用户e91ea21d-87d0-457d-8311-49e8a897953a加入房间roomNum=1061&audio=false
e91ea21d-87d0-457d-8311-49e8a897953a用户离开
创建新连接
1
新用户9be13dde-eb85-4594-b2d4-2929336a4eeb加入房间roomNum=1061&audio=false
9be13dde-eb85-4594-b2d4-2929336a4eeb用户离开
创建新连接
1
新用户730a3204-2d59-44ce-8ef1-2f28c06df6c9加入房间roomNum=1063&audio=false
730a3204-2d59-44ce-8ef1-2f28c06df6c9用户离开
创建新连接
1
新用户e927e4d5-6048-4bb4-a345-4be3096705be加入房间roomNum=1063&audio=false
e927e4d5-6048-4bb4-a345-4be3096705be用户离开
创建新连接
1
新用户03d6fc5d-5af1-449f-af4e-5a215eb78bdd加入房间roomNum=1062&audio=false
03d6fc5d-5af1-449f-af4e-5a215eb78bdd用户离开
创建新连接
1
新用户b2ddd0d9-5711-4f38-be89-8822d08cbc3c加入房间roomNum=1064&audio=false
b2ddd0d9-5711-4f38-be89-8822d08cbc3c用户离开
创建新连接
1
新用户1d33a4d7-6e7a-4d28-8d58-81d399ba9412加入房间roomNum=1064&audio=false
1d33a4d7-6e7a-4d28-8d58-81d399ba9412用户离开
创建新连接
1
新用户a1125d2d-3179-43ca-aa7b-23ec3d532b9b加入房间roomNum=1
创建新连接
2
新用户eb3901a4-71c4-4b2e-94af-3b85f5ab250c加入房间roomNum=1
接收到来自eb3901a4-71c4-4b2e-94af-3b85f5ab250c的Offer
接收到来自a1125d2d-3179-43ca-aa7b-23ec3d532b9b的Answer
接收到来自eb3901a4-71c4-4b2e-94af-3b85f5ab250c的ICE Candidate
接收到来自eb3901a4-71c4-4b2e-94af-3b85f5ab250c的ICE Candidate
接收到来自eb3901a4-71c4-4b2e-94af-3b85f5ab250c的ICE Candidate
接收到来自eb3901a4-71c4-4b2e-94af-3b85f5ab250c的ICE Candidate
接收到来自a1125d2d-3179-43ca-aa7b-23ec3d532b9b的ICE Candidate
接收到来自a1125d2d-3179-43ca-aa7b-23ec3d532b9b的ICE Candidate
eb3901a4-71c4-4b2e-94af-3b85f5ab250c用户离开
a1125d2d-3179-43ca-aa7b-23ec3d532b9b用户离开
创建新连接
1
新用户7edef3a8-94de-4b6f-9c24-9ed1bc60228c加入房间roomNum=1
创建新连接
2
新用户7a01356b-b5d5-4a09-a1e4-46eb222c94ae加入房间roomNum=1
接收到来自7a01356b-b5d5-4a09-a1e4-46eb222c94ae的Offer
接收到来自7edef3a8-94de-4b6f-9c24-9ed1bc60228c的Answer
接收到来自7a01356b-b5d5-4a09-a1e4-46eb222c94ae的ICE Candidate
接收到来自7a01356b-b5d5-4a09-a1e4-46eb222c94ae的ICE Candidate
接收到来自7a01356b-b5d5-4a09-a1e4-46eb222c94ae的ICE Candidate
接收到来自7a01356b-b5d5-4a09-a1e4-46eb222c94ae的ICE Candidate
接收到来自7edef3a8-94de-4b6f-9c24-9ed1bc60228c的ICE Candidate
接收到来自7edef3a8-94de-4b6f-9c24-9ed1bc60228c的ICE Candidate
7a01356b-b5d5-4a09-a1e4-46eb222c94ae用户离开
7edef3a8-94de-4b6f-9c24-9ed1bc60228c用户离开
创建新连接
1
新用户91f278b2-ad12-4fa9-bb95-6aec4ab6e45d加入房间roomNum=1
创建新连接
2
新用户c71c1578-3f1c-4409-ad3a-d841647c58c7加入房间roomNum=1
接收到来自c71c1578-3f1c-4409-ad3a-d841647c58c7的Offer
接收到来自91f278b2-ad12-4fa9-bb95-6aec4ab6e45d的Answer
接收到来自c71c1578-3f1c-4409-ad3a-d841647c58c7的ICE Candidate
接收到来自c71c1578-3f1c-4409-ad3a-d841647c58c7的ICE Candidate
接收到来自c71c1578-3f1c-4409-ad3a-d841647c58c7的ICE Candidate
接收到来自c71c1578-3f1c-4409-ad3a-d841647c58c7的ICE Candidate
接收到来自91f278b2-ad12-4fa9-bb95-6aec4ab6e45d的ICE Candidate
接收到来自91f278b2-ad12-4fa9-bb95-6aec4ab6e45d的ICE Candidate
c71c1578-3f1c-4409-ad3a-d841647c58c7用户离开
创建新连接
2
新用户d52553fb-6e36-413a-b548-1256cb0a6eca加入房间roomNum=1
接收到来自d52553fb-6e36-413a-b548-1256cb0a6eca的Offer
接收到来自91f278b2-ad12-4fa9-bb95-6aec4ab6e45d的Answer
接收到来自d52553fb-6e36-413a-b548-1256cb0a6eca的ICE Candidate
接收到来自d52553fb-6e36-413a-b548-1256cb0a6eca的ICE Candidate
接收到来自d52553fb-6e36-413a-b548-1256cb0a6eca的ICE Candidate
接收到来自d52553fb-6e36-413a-b548-1256cb0a6eca的ICE Candidate
接收到来自91f278b2-ad12-4fa9-bb95-6aec4ab6e45d的ICE Candidate
接收到来自91f278b2-ad12-4fa9-bb95-6aec4ab6e45d的ICE Candidate
d52553fb-6e36-413a-b548-1256cb0a6eca用户离开
创建新连接
2
新用户3daa15ed-1be9-444a-b590-46610771cb67加入房间roomNum=1
接收到来自3daa15ed-1be9-444a-b590-46610771cb67的Offer
接收到来自91f278b2-ad12-4fa9-bb95-6aec4ab6e45d的Answer
接收到来自3daa15ed-1be9-444a-b590-46610771cb67的ICE Candidate
接收到来自3daa15ed-1be9-444a-b590-46610771cb67的ICE Candidate
接收到来自3daa15ed-1be9-444a-b590-46610771cb67的ICE Candidate
接收到来自3daa15ed-1be9-444a-b590-46610771cb67的ICE Candidate
接收到来自91f278b2-ad12-4fa9-bb95-6aec4ab6e45d的ICE Candidate
接收到来自91f278b2-ad12-4fa9-bb95-6aec4ab6e45d的ICE Candidate
3daa15ed-1be9-444a-b590-46610771cb67用户离开
创建新连接
2
新用户52011194-646a-4f98-91d0-3f551787b80f加入房间roomNum=1
接收到来自52011194-646a-4f98-91d0-3f551787b80f的Offer
接收到来自91f278b2-ad12-4fa9-bb95-6aec4ab6e45d的Answer
接收到来自52011194-646a-4f98-91d0-3f551787b80f的ICE Candidate
接收到来自52011194-646a-4f98-91d0-3f551787b80f的ICE Candidate
接收到来自52011194-646a-4f98-91d0-3f551787b80f的ICE Candidate
接收到来自52011194-646a-4f98-91d0-3f551787b80f的ICE Candidate
接收到来自91f278b2-ad12-4fa9-bb95-6aec4ab6e45d的ICE Candidate
接收到来自91f278b2-ad12-4fa9-bb95-6aec4ab6e45d的ICE Candidate
91f278b2-ad12-4fa9-bb95-6aec4ab6e45d用户离开
52011194-646a-4f98-91d0-3f551787b80f用户离开
创建新连接
1
新用户b4a9f3de-d49e-4747-babc-801288236e19加入房间roomNum=1
创建新连接
2
新用户e534c8be-2c5e-4e4f-9706-afd18e64d734加入房间roomNum=1
接收到来自e534c8be-2c5e-4e4f-9706-afd18e64d734的Offer
接收到来自b4a9f3de-d49e-4747-babc-801288236e19的Answer
接收到来自e534c8be-2c5e-4e4f-9706-afd18e64d734的ICE Candidate
接收到来自e534c8be-2c5e-4e4f-9706-afd18e64d734的ICE Candidate
接收到来自e534c8be-2c5e-4e4f-9706-afd18e64d734的ICE Candidate
接收到来自e534c8be-2c5e-4e4f-9706-afd18e64d734的ICE Candidate
接收到来自b4a9f3de-d49e-4747-babc-801288236e19的ICE Candidate
接收到来自b4a9f3de-d49e-4747-babc-801288236e19的ICE Candidate
b4a9f3de-d49e-4747-babc-801288236e19用户离开
e534c8be-2c5e-4e4f-9706-afd18e64d734用户离开
创建新连接
1
新用户fc8da31c-1535-4dd6-b5a5-fa732e25abb4加入房间roomNum=1
创建新连接
2
新用户72214a70-bb2c-4a75-8523-48e823797dbb加入房间roomNum=1
接收到来自72214a70-bb2c-4a75-8523-48e823797dbb的Offer
接收到来自fc8da31c-1535-4dd6-b5a5-fa732e25abb4的Answer
接收到来自72214a70-bb2c-4a75-8523-48e823797dbb的ICE Candidate
接收到来自72214a70-bb2c-4a75-8523-48e823797dbb的ICE Candidate
接收到来自72214a70-bb2c-4a75-8523-48e823797dbb的ICE Candidate
接收到来自72214a70-bb2c-4a75-8523-48e823797dbb的ICE Candidate
接收到来自fc8da31c-1535-4dd6-b5a5-fa732e25abb4的ICE Candidate
接收到来自fc8da31c-1535-4dd6-b5a5-fa732e25abb4的ICE Candidate
72214a70-bb2c-4a75-8523-48e823797dbb用户离开
fc8da31c-1535-4dd6-b5a5-fa732e25abb4用户离开
创建新连接
1
新用户88f361e7-378b-4e1f-956e-8622e5936f47加入房间roomNum=1
创建新连接
2
新用户72f74f5c-2f31-4c6f-8243-1070858e54cb加入房间roomNum=1
接收到来自72f74f5c-2f31-4c6f-8243-1070858e54cb的Offer
接收到来自88f361e7-378b-4e1f-956e-8622e5936f47的Answer
接收到来自88f361e7-378b-4e1f-956e-8622e5936f47的ICE Candidate
接收到来自88f361e7-378b-4e1f-956e-8622e5936f47的ICE Candidate
接收到来自72f74f5c-2f31-4c6f-8243-1070858e54cb的ICE Candidate
接收到来自72f74f5c-2f31-4c6f-8243-1070858e54cb的ICE Candidate
接收到来自72f74f5c-2f31-4c6f-8243-1070858e54cb的ICE Candidate
接收到来自72f74f5c-2f31-4c6f-8243-1070858e54cb的ICE Candidate
88f361e7-378b-4e1f-956e-8622e5936f47用户离开
创建新连接
2
新用户e04e18ce-456a-47a9-a536-e75c1418d839加入房间roomNum=1
接收到来自e04e18ce-456a-47a9-a536-e75c1418d839的Offer
接收到来自72f74f5c-2f31-4c6f-8243-1070858e54cb的Answer
接收到来自72f74f5c-2f31-4c6f-8243-1070858e54cb的ICE Candidate
接收到来自72f74f5c-2f31-4c6f-8243-1070858e54cb的ICE Candidate
接收到来自e04e18ce-456a-47a9-a536-e75c1418d839的ICE Candidate
接收到来自e04e18ce-456a-47a9-a536-e75c1418d839的ICE Candidate
接收到来自e04e18ce-456a-47a9-a536-e75c1418d839的ICE Candidate
接收到来自e04e18ce-456a-47a9-a536-e75c1418d839的ICE Candidate
72f74f5c-2f31-4c6f-8243-1070858e54cb用户离开
创建新连接
2
新用户2b3f3ecf-8652-43fc-a788-f2394c4577ca加入房间roomNum=1
接收到来自2b3f3ecf-8652-43fc-a788-f2394c4577ca的Offer
接收到来自e04e18ce-456a-47a9-a536-e75c1418d839的Answer
接收到来自2b3f3ecf-8652-43fc-a788-f2394c4577ca的ICE Candidate
接收到来自2b3f3ecf-8652-43fc-a788-f2394c4577ca的ICE Candidate
接收到来自2b3f3ecf-8652-43fc-a788-f2394c4577ca的ICE Candidate
接收到来自2b3f3ecf-8652-43fc-a788-f2394c4577ca的ICE Candidate
接收到来自e04e18ce-456a-47a9-a536-e75c1418d839的ICE Candidate
接收到来自e04e18ce-456a-47a9-a536-e75c1418d839的ICE Candidate
e04e18ce-456a-47a9-a536-e75c1418d839用户离开
创建新连接
2
新用户805d68f6-b164-440d-8c59-a72d1f8fafdc加入房间roomNum=1
接收到来自805d68f6-b164-440d-8c59-a72d1f8fafdc的Offer
接收到来自2b3f3ecf-8652-43fc-a788-f2394c4577ca的Answer
接收到来自805d68f6-b164-440d-8c59-a72d1f8fafdc的ICE Candidate
接收到来自805d68f6-b164-440d-8c59-a72d1f8fafdc的ICE Candidate
接收到来自805d68f6-b164-440d-8c59-a72d1f8fafdc的ICE Candidate
接收到来自805d68f6-b164-440d-8c59-a72d1f8fafdc的ICE Candidate
接收到来自2b3f3ecf-8652-43fc-a788-f2394c4577ca的ICE Candidate
接收到来自2b3f3ecf-8652-43fc-a788-f2394c4577ca的ICE Candidate
2b3f3ecf-8652-43fc-a788-f2394c4577ca用户离开
805d68f6-b164-440d-8c59-a72d1f8fafdc用户离开
创建新连接
1
新用户20f2813e-c17b-4036-beda-8ff0bd9d3e48加入房间roomNum=1
创建新连接
2
新用户e9bd304d-a6b1-4c0a-b7a8-c066ab6e6b03加入房间roomNum=1
接收到来自e9bd304d-a6b1-4c0a-b7a8-c066ab6e6b03的Offer
接收到来自20f2813e-c17b-4036-beda-8ff0bd9d3e48的Answer
接收到来自e9bd304d-a6b1-4c0a-b7a8-c066ab6e6b03的ICE Candidate
接收到来自e9bd304d-a6b1-4c0a-b7a8-c066ab6e6b03的ICE Candidate
接收到来自e9bd304d-a6b1-4c0a-b7a8-c066ab6e6b03的ICE Candidate
接收到来自e9bd304d-a6b1-4c0a-b7a8-c066ab6e6b03的ICE Candidate
接收到来自20f2813e-c17b-4036-beda-8ff0bd9d3e48的ICE Candidate
接收到来自20f2813e-c17b-4036-beda-8ff0bd9d3e48的ICE Candidate
20f2813e-c17b-4036-beda-8ff0bd9d3e48用户离开
e9bd304d-a6b1-4c0a-b7a8-c066ab6e6b03用户离开
创建新连接
1
新用户ecce4998-6ea5-4c08-a3e6-71d02c66d44c加入房间roomNum=1
创建新连接
2
新用户266a500c-5347-4396-acac-b0980855aa54加入房间roomNum=1
接收到来自266a500c-5347-4396-acac-b0980855aa54的Offer
接收到来自ecce4998-6ea5-4c08-a3e6-71d02c66d44c的Answer
接收到来自266a500c-5347-4396-acac-b0980855aa54的ICE Candidate
接收到来自266a500c-5347-4396-acac-b0980855aa54的ICE Candidate
接收到来自266a500c-5347-4396-acac-b0980855aa54的ICE Candidate
接收到来自266a500c-5347-4396-acac-b0980855aa54的ICE Candidate
接收到来自ecce4998-6ea5-4c08-a3e6-71d02c66d44c的ICE Candidate
接收到来自ecce4998-6ea5-4c08-a3e6-71d02c66d44c的ICE Candidate
ecce4998-6ea5-4c08-a3e6-71d02c66d44c用户离开
266a500c-5347-4396-acac-b0980855aa54用户离开
创建新连接
1
新用户9fb92c2b-2ec2-46d1-b989-275110fc6b7f加入房间roomNum=1
创建新连接
2
新用户1cf02ccb-9265-4b16-a008-a0c5512aed0a加入房间roomNum=1
接收到来自1cf02ccb-9265-4b16-a008-a0c5512aed0a的Offer
接收到来自9fb92c2b-2ec2-46d1-b989-275110fc6b7f的Answer
接收到来自1cf02ccb-9265-4b16-a008-a0c5512aed0a的ICE Candidate
接收到来自1cf02ccb-9265-4b16-a008-a0c5512aed0a的ICE Candidate
接收到来自1cf02ccb-9265-4b16-a008-a0c5512aed0a的ICE Candidate
接收到来自1cf02ccb-9265-4b16-a008-a0c5512aed0a的ICE Candidate
接收到来自9fb92c2b-2ec2-46d1-b989-275110fc6b7f的ICE Candidate
接收到来自9fb92c2b-2ec2-46d1-b989-275110fc6b7f的ICE Candidate
9fb92c2b-2ec2-46d1-b989-275110fc6b7f用户离开
1cf02ccb-9265-4b16-a008-a0c5512aed0a用户离开
创建新连接
1
新用户1d5c61e0-c4ef-4b58-9a0b-9a75dca27b7d加入房间roomNum=1
创建新连接
2
新用户a3d241b3-9fcc-46a7-940b-a17461cdf037加入房间roomNum=1
接收到来自a3d241b3-9fcc-46a7-940b-a17461cdf037的Offer
接收到来自1d5c61e0-c4ef-4b58-9a0b-9a75dca27b7d的Answer
接收到来自a3d241b3-9fcc-46a7-940b-a17461cdf037的ICE Candidate
接收到来自a3d241b3-9fcc-46a7-940b-a17461cdf037的ICE Candidate
接收到来自a3d241b3-9fcc-46a7-940b-a17461cdf037的ICE Candidate
接收到来自a3d241b3-9fcc-46a7-940b-a17461cdf037的ICE Candidate
接收到来自1d5c61e0-c4ef-4b58-9a0b-9a75dca27b7d的ICE Candidate
接收到来自1d5c61e0-c4ef-4b58-9a0b-9a75dca27b7d的ICE Candidate
创建新连接
3
新用户aa1bc4be-4680-4522-ab30-de222430b354加入房间roomNum=1
接收到来自aa1bc4be-4680-4522-ab30-de222430b354的Offer
接收到来自aa1bc4be-4680-4522-ab30-de222430b354的Offer
接收到来自1d5c61e0-c4ef-4b58-9a0b-9a75dca27b7d的Answer
接收到来自a3d241b3-9fcc-46a7-940b-a17461cdf037的Answer
接收到来自aa1bc4be-4680-4522-ab30-de222430b354的ICE Candidate
接收到来自aa1bc4be-4680-4522-ab30-de222430b354的ICE Candidate
接收到来自aa1bc4be-4680-4522-ab30-de222430b354的ICE Candidate
接收到来自aa1bc4be-4680-4522-ab30-de222430b354的ICE Candidate
接收到来自aa1bc4be-4680-4522-ab30-de222430b354的ICE Candidate
接收到来自aa1bc4be-4680-4522-ab30-de222430b354的ICE Candidate
接收到来自aa1bc4be-4680-4522-ab30-de222430b354的ICE Candidate
接收到来自aa1bc4be-4680-4522-ab30-de222430b354的ICE Candidate
接收到来自aa1bc4be-4680-4522-ab30-de222430b354的ICE Candidate
接收到来自aa1bc4be-4680-4522-ab30-de222430b354的ICE Candidate
接收到来自aa1bc4be-4680-4522-ab30-de222430b354的ICE Candidate
接收到来自aa1bc4be-4680-4522-ab30-de222430b354的ICE Candidate
接收到来自aa1bc4be-4680-4522-ab30-de222430b354的ICE Candidate
接收到来自aa1bc4be-4680-4522-ab30-de222430b354的ICE Candidate
接收到来自aa1bc4be-4680-4522-ab30-de222430b354的ICE Candidate
接收到来自aa1bc4be-4680-4522-ab30-de222430b354的ICE Candidate
接收到来自aa1bc4be-4680-4522-ab30-de222430b354的ICE Candidate
接收到来自aa1bc4be-4680-4522-ab30-de222430b354的ICE Candidate
接收到来自1d5c61e0-c4ef-4b58-9a0b-9a75dca27b7d的ICE Candidate
接收到来自1d5c61e0-c4ef-4b58-9a0b-9a75dca27b7d的ICE Candidate
接收到来自a3d241b3-9fcc-46a7-940b-a17461cdf037的ICE Candidate
接收到来自a3d241b3-9fcc-46a7-940b-a17461cdf037的ICE Candidate
接收到来自1d5c61e0-c4ef-4b58-9a0b-9a75dca27b7d的ICE Candidate
接收到来自1d5c61e0-c4ef-4b58-9a0b-9a75dca27b7d的ICE Candidate
接收到来自a3d241b3-9fcc-46a7-940b-a17461cdf037的ICE Candidate
接收到来自a3d241b3-9fcc-46a7-940b-a17461cdf037的ICE Candidate
接收到来自aa1bc4be-4680-4522-ab30-de222430b354的ICE Candidate
接收到来自aa1bc4be-4680-4522-ab30-de222430b354的ICE Candidate
接收到来自aa1bc4be-4680-4522-ab30-de222430b354的ICE Candidate
接收到来自aa1bc4be-4680-4522-ab30-de222430b354的ICE Candidate
接收到来自aa1bc4be-4680-4522-ab30-de222430b354的ICE Candidate
接收到来自aa1bc4be-4680-4522-ab30-de222430b354的ICE Candidate
接收到来自aa1bc4be-4680-4522-ab30-de222430b354的ICE Candidate
接收到来自aa1bc4be-4680-4522-ab30-de222430b354的ICE Candidate
接收到来自aa1bc4be-4680-4522-ab30-de222430b354的ICE Candidate
接收到来自aa1bc4be-4680-4522-ab30-de222430b354的ICE Candidate
接收到来自aa1bc4be-4680-4522-ab30-de222430b354的ICE Candidate
接收到来自aa1bc4be-4680-4522-ab30-de222430b354的ICE Candidate
接收到来自aa1bc4be-4680-4522-ab30-de222430b354的ICE Candidate
接收到来自aa1bc4be-4680-4522-ab30-de222430b354的ICE Candidate
接收到来自aa1bc4be-4680-4522-ab30-de222430b354的ICE Candidate
创建新连接
4
新用户62c643c2-a9c5-45c3-850a-10ad73b759f5加入房间roomNum=1
接收到来自62c643c2-a9c5-45c3-850a-10ad73b759f5的Offer
接收到来自62c643c2-a9c5-45c3-850a-10ad73b759f5的Offer
接收到来自62c643c2-a9c5-45c3-850a-10ad73b759f5的Offer
接收到来自a3d241b3-9fcc-46a7-940b-a17461cdf037的Answer
接收到来自1d5c61e0-c4ef-4b58-9a0b-9a75dca27b7d的Answer
接收到来自aa1bc4be-4680-4522-ab30-de222430b354的Answer
接收到来自aa1bc4be-4680-4522-ab30-de222430b354的ICE Candidate
接收到来自aa1bc4be-4680-4522-ab30-de222430b354的ICE Candidate
接收到来自aa1bc4be-4680-4522-ab30-de222430b354的ICE Candidate
接收到来自aa1bc4be-4680-4522-ab30-de222430b354的ICE Candidate
接收到来自aa1bc4be-4680-4522-ab30-de222430b354的ICE Candidate
接收到来自aa1bc4be-4680-4522-ab30-de222430b354的ICE Candidate
接收到来自a3d241b3-9fcc-46a7-940b-a17461cdf037的ICE Candidate
接收到来自a3d241b3-9fcc-46a7-940b-a17461cdf037的ICE Candidate
接收到来自62c643c2-a9c5-45c3-850a-10ad73b759f5的ICE Candidate
接收到来自62c643c2-a9c5-45c3-850a-10ad73b759f5的ICE Candidate
接收到来自62c643c2-a9c5-45c3-850a-10ad73b759f5的ICE Candidate
接收到来自62c643c2-a9c5-45c3-850a-10ad73b759f5的ICE Candidate
接收到来自62c643c2-a9c5-45c3-850a-10ad73b759f5的ICE Candidate
接收到来自62c643c2-a9c5-45c3-850a-10ad73b759f5的ICE Candidate
接收到来自62c643c2-a9c5-45c3-850a-10ad73b759f5的ICE Candidate
接收到来自62c643c2-a9c5-45c3-850a-10ad73b759f5的ICE Candidate
接收到来自62c643c2-a9c5-45c3-850a-10ad73b759f5的ICE Candidate
接收到来自62c643c2-a9c5-45c3-850a-10ad73b759f5的ICE Candidate
接收到来自62c643c2-a9c5-45c3-850a-10ad73b759f5的ICE Candidate
接收到来自62c643c2-a9c5-45c3-850a-10ad73b759f5的ICE Candidate
接收到来自62c643c2-a9c5-45c3-850a-10ad73b759f5的ICE Candidate
接收到来自62c643c2-a9c5-45c3-850a-10ad73b759f5的ICE Candidate
接收到来自62c643c2-a9c5-45c3-850a-10ad73b759f5的ICE Candidate
接收到来自62c643c2-a9c5-45c3-850a-10ad73b759f5的ICE Candidate
接收到来自62c643c2-a9c5-45c3-850a-10ad73b759f5的ICE Candidate
接收到来自62c643c2-a9c5-45c3-850a-10ad73b759f5的ICE Candidate
接收到来自62c643c2-a9c5-45c3-850a-10ad73b759f5的ICE Candidate
接收到来自62c643c2-a9c5-45c3-850a-10ad73b759f5的ICE Candidate
接收到来自62c643c2-a9c5-45c3-850a-10ad73b759f5的ICE Candidate
接收到来自62c643c2-a9c5-45c3-850a-10ad73b759f5的ICE Candidate
接收到来自62c643c2-a9c5-45c3-850a-10ad73b759f5的ICE Candidate
接收到来自62c643c2-a9c5-45c3-850a-10ad73b759f5的ICE Candidate
接收到来自1d5c61e0-c4ef-4b58-9a0b-9a75dca27b7d的ICE Candidate
接收到来自1d5c61e0-c4ef-4b58-9a0b-9a75dca27b7d的ICE Candidate
接收到来自62c643c2-a9c5-45c3-850a-10ad73b759f5的ICE Candidate
接收到来自62c643c2-a9c5-45c3-850a-10ad73b759f5的ICE Candidate
接收到来自62c643c2-a9c5-45c3-850a-10ad73b759f5的ICE Candidate
接收到来自62c643c2-a9c5-45c3-850a-10ad73b759f5的ICE Candidate
接收到来自62c643c2-a9c5-45c3-850a-10ad73b759f5的ICE Candidate
接收到来自62c643c2-a9c5-45c3-850a-10ad73b759f5的ICE Candidate
接收到来自62c643c2-a9c5-45c3-850a-10ad73b759f5的ICE Candidate
接收到来自62c643c2-a9c5-45c3-850a-10ad73b759f5的ICE Candidate
接收到来自62c643c2-a9c5-45c3-850a-10ad73b759f5的ICE Candidate
接收到来自62c643c2-a9c5-45c3-850a-10ad73b759f5的ICE Candidate
接收到来自62c643c2-a9c5-45c3-850a-10ad73b759f5的ICE Candidate
接收到来自62c643c2-a9c5-45c3-850a-10ad73b759f5的ICE Candidate
接收到来自a3d241b3-9fcc-46a7-940b-a17461cdf037的ICE Candidate
接收到来自a3d241b3-9fcc-46a7-940b-a17461cdf037的ICE Candidate
接收到来自1d5c61e0-c4ef-4b58-9a0b-9a75dca27b7d的ICE Candidate
接收到来自1d5c61e0-c4ef-4b58-9a0b-9a75dca27b7d的ICE Candidate
62c643c2-a9c5-45c3-850a-10ad73b759f5用户离开
aa1bc4be-4680-4522-ab30-de222430b354用户离开
a3d241b3-9fcc-46a7-940b-a17461cdf037用户离开
1d5c61e0-c4ef-4b58-9a0b-9a75dca27b7d用户离开
创建新连接
1
新用户d2b3d93f-6900-4faa-a6fc-533660522b4d加入房间roomNum=1
创建新连接
2
新用户722bd858-5484-43c6-b65e-e92e71790991加入房间roomNum=1
接收到来自722bd858-5484-43c6-b65e-e92e71790991的Offer
接收到来自d2b3d93f-6900-4faa-a6fc-533660522b4d的Answer
接收到来自722bd858-5484-43c6-b65e-e92e71790991的ICE Candidate
接收到来自722bd858-5484-43c6-b65e-e92e71790991的ICE Candidate
接收到来自722bd858-5484-43c6-b65e-e92e71790991的ICE Candidate
接收到来自722bd858-5484-43c6-b65e-e92e71790991的ICE Candidate
接收到来自d2b3d93f-6900-4faa-a6fc-533660522b4d的ICE Candidate
接收到来自d2b3d93f-6900-4faa-a6fc-533660522b4d的ICE Candidate
创建新连接
3
新用户ea141db9-7bf8-4b48-b3ae-bac556899cff加入房间roomNum=1
接收到来自ea141db9-7bf8-4b48-b3ae-bac556899cff的Offer
接收到来自d2b3d93f-6900-4faa-a6fc-533660522b4d的Answer
接收到来自ea141db9-7bf8-4b48-b3ae-bac556899cff的Offer
接收到来自722bd858-5484-43c6-b65e-e92e71790991的Answer
接收到来自d2b3d93f-6900-4faa-a6fc-533660522b4d的ICE Candidate
接收到来自d2b3d93f-6900-4faa-a6fc-533660522b4d的ICE Candidate
接收到来自ea141db9-7bf8-4b48-b3ae-bac556899cff的ICE Candidate
接收到来自ea141db9-7bf8-4b48-b3ae-bac556899cff的ICE Candidate
接收到来自ea141db9-7bf8-4b48-b3ae-bac556899cff的ICE Candidate
接收到来自ea141db9-7bf8-4b48-b3ae-bac556899cff的ICE Candidate
接收到来自ea141db9-7bf8-4b48-b3ae-bac556899cff的ICE Candidate
接收到来自ea141db9-7bf8-4b48-b3ae-bac556899cff的ICE Candidate
接收到来自ea141db9-7bf8-4b48-b3ae-bac556899cff的ICE Candidate
接收到来自722bd858-5484-43c6-b65e-e92e71790991的ICE Candidate
接收到来自722bd858-5484-43c6-b65e-e92e71790991的ICE Candidate
接收到来自ea141db9-7bf8-4b48-b3ae-bac556899cff的ICE Candidate
接收到来自ea141db9-7bf8-4b48-b3ae-bac556899cff的ICE Candidate
ea141db9-7bf8-4b48-b3ae-bac556899cff用户离开
722bd858-5484-43c6-b65e-e92e71790991用户离开
d2b3d93f-6900-4faa-a6fc-533660522b4d用户离开
创建新连接
1
新用户94b2f2d0-2c8c-4889-a346-e11cf9c92bcc加入房间roomNum=1
创建新连接
2
新用户1dcf5a91-d434-47eb-bab3-15f4258711c5加入房间roomNum=1
接收到来自1dcf5a91-d434-47eb-bab3-15f4258711c5的Offer
接收到来自1dcf5a91-d434-47eb-bab3-15f4258711c5的ICE Candidate
接收到来自1dcf5a91-d434-47eb-bab3-15f4258711c5的ICE Candidate
接收到来自1dcf5a91-d434-47eb-bab3-15f4258711c5的ICE Candidate
接收到来自1dcf5a91-d434-47eb-bab3-15f4258711c5的ICE Candidate
接收到来自1dcf5a91-d434-47eb-bab3-15f4258711c5的ICE Candidate
接收到来自1dcf5a91-d434-47eb-bab3-15f4258711c5的ICE Candidate
接收到来自1dcf5a91-d434-47eb-bab3-15f4258711c5的ICE Candidate
接收到来自1dcf5a91-d434-47eb-bab3-15f4258711c5的ICE Candidate
接收到来自1dcf5a91-d434-47eb-bab3-15f4258711c5的ICE Candidate
接收到来自94b2f2d0-2c8c-4889-a346-e11cf9c92bcc的Answer
接收到来自94b2f2d0-2c8c-4889-a346-e11cf9c92bcc的ICE Candidate
接收到来自94b2f2d0-2c8c-4889-a346-e11cf9c92bcc的ICE Candidate
接收到来自94b2f2d0-2c8c-4889-a346-e11cf9c92bcc的ICE Candidate
接收到来自94b2f2d0-2c8c-4889-a346-e11cf9c92bcc的ICE Candidate
接收到来自94b2f2d0-2c8c-4889-a346-e11cf9c92bcc的ICE Candidate
接收到来自94b2f2d0-2c8c-4889-a346-e11cf9c92bcc的ICE Candidate
创建新连接
3
新用户6b635e10-3967-4694-aa66-5700293e9371加入房间roomNum=1
接收到来自6b635e10-3967-4694-aa66-5700293e9371的Offer
接收到来自6b635e10-3967-4694-aa66-5700293e9371的Offer
接收到来自1dcf5a91-d434-47eb-bab3-15f4258711c5的Answer
接收到来自94b2f2d0-2c8c-4889-a346-e11cf9c92bcc的Answer
接收到来自1dcf5a91-d434-47eb-bab3-15f4258711c5的ICE Candidate
接收到来自1dcf5a91-d434-47eb-bab3-15f4258711c5的ICE Candidate
接收到来自1dcf5a91-d434-47eb-bab3-15f4258711c5的ICE Candidate
接收到来自94b2f2d0-2c8c-4889-a346-e11cf9c92bcc的ICE Candidate
接收到来自1dcf5a91-d434-47eb-bab3-15f4258711c5的ICE Candidate
接收到来自94b2f2d0-2c8c-4889-a346-e11cf9c92bcc的ICE Candidate
接收到来自1dcf5a91-d434-47eb-bab3-15f4258711c5的ICE Candidate
接收到来自94b2f2d0-2c8c-4889-a346-e11cf9c92bcc的ICE Candidate
接收到来自1dcf5a91-d434-47eb-bab3-15f4258711c5的ICE Candidate
接收到来自94b2f2d0-2c8c-4889-a346-e11cf9c92bcc的ICE Candidate
接收到来自94b2f2d0-2c8c-4889-a346-e11cf9c92bcc的ICE Candidate
接收到来自94b2f2d0-2c8c-4889-a346-e11cf9c92bcc的ICE Candidate
接收到来自6b635e10-3967-4694-aa66-5700293e9371的ICE Candidate
接收到来自6b635e10-3967-4694-aa66-5700293e9371的ICE Candidate
接收到来自6b635e10-3967-4694-aa66-5700293e9371的ICE Candidate
接收到来自6b635e10-3967-4694-aa66-5700293e9371的ICE Candidate
接收到来自6b635e10-3967-4694-aa66-5700293e9371的ICE Candidate
接收到来自6b635e10-3967-4694-aa66-5700293e9371的ICE Candidate
接收到来自1dcf5a91-d434-47eb-bab3-15f4258711c5的ICE Candidate
接收到来自1dcf5a91-d434-47eb-bab3-15f4258711c5的ICE Candidate
接收到来自1dcf5a91-d434-47eb-bab3-15f4258711c5的ICE Candidate
接收到来自1dcf5a91-d434-47eb-bab3-15f4258711c5的ICE Candidate
接收到来自1dcf5a91-d434-47eb-bab3-15f4258711c5的ICE Candidate
接收到来自1dcf5a91-d434-47eb-bab3-15f4258711c5的ICE Candidate
接收到来自94b2f2d0-2c8c-4889-a346-e11cf9c92bcc的ICE Candidate
接收到来自94b2f2d0-2c8c-4889-a346-e11cf9c92bcc的ICE Candidate
接收到来自94b2f2d0-2c8c-4889-a346-e11cf9c92bcc的ICE Candidate
接收到来自94b2f2d0-2c8c-4889-a346-e11cf9c92bcc的ICE Candidate
接收到来自94b2f2d0-2c8c-4889-a346-e11cf9c92bcc的ICE Candidate
接收到来自94b2f2d0-2c8c-4889-a346-e11cf9c92bcc的ICE Candidate
接收到来自6b635e10-3967-4694-aa66-5700293e9371的ICE Candidate
接收到来自6b635e10-3967-4694-aa66-5700293e9371的ICE Candidate
接收到来自6b635e10-3967-4694-aa66-5700293e9371的ICE Candidate
接收到来自6b635e10-3967-4694-aa66-5700293e9371的ICE Candidate
6b635e10-3967-4694-aa66-5700293e9371用户离开
创建新连接
3
新用户bb0809ff-c3a7-4539-b6f0-074cc884fc00加入房间roomNum=1
接收到来自bb0809ff-c3a7-4539-b6f0-074cc884fc00的Offer
接收到来自bb0809ff-c3a7-4539-b6f0-074cc884fc00的Offer
接收到来自94b2f2d0-2c8c-4889-a346-e11cf9c92bcc的Answer
接收到来自1dcf5a91-d434-47eb-bab3-15f4258711c5的Answer
接收到来自1dcf5a91-d434-47eb-bab3-15f4258711c5的ICE Candidate
接收到来自1dcf5a91-d434-47eb-bab3-15f4258711c5的ICE Candidate
接收到来自1dcf5a91-d434-47eb-bab3-15f4258711c5的ICE Candidate
接收到来自1dcf5a91-d434-47eb-bab3-15f4258711c5的ICE Candidate
接收到来自1dcf5a91-d434-47eb-bab3-15f4258711c5的ICE Candidate
接收到来自1dcf5a91-d434-47eb-bab3-15f4258711c5的ICE Candidate
接收到来自94b2f2d0-2c8c-4889-a346-e11cf9c92bcc的ICE Candidate
接收到来自94b2f2d0-2c8c-4889-a346-e11cf9c92bcc的ICE Candidate
接收到来自94b2f2d0-2c8c-4889-a346-e11cf9c92bcc的ICE Candidate
接收到来自94b2f2d0-2c8c-4889-a346-e11cf9c92bcc的ICE Candidate
接收到来自94b2f2d0-2c8c-4889-a346-e11cf9c92bcc的ICE Candidate
接收到来自94b2f2d0-2c8c-4889-a346-e11cf9c92bcc的ICE Candidate
接收到来自bb0809ff-c3a7-4539-b6f0-074cc884fc00的ICE Candidate
接收到来自bb0809ff-c3a7-4539-b6f0-074cc884fc00的ICE Candidate
接收到来自bb0809ff-c3a7-4539-b6f0-074cc884fc00的ICE Candidate
接收到来自bb0809ff-c3a7-4539-b6f0-074cc884fc00的ICE Candidate
接收到来自bb0809ff-c3a7-4539-b6f0-074cc884fc00的ICE Candidate
接收到来自bb0809ff-c3a7-4539-b6f0-074cc884fc00的ICE Candidate
接收到来自bb0809ff-c3a7-4539-b6f0-074cc884fc00的ICE Candidate
接收到来自bb0809ff-c3a7-4539-b6f0-074cc884fc00的ICE Candidate
接收到来自1dcf5a91-d434-47eb-bab3-15f4258711c5的ICE Candidate
接收到来自1dcf5a91-d434-47eb-bab3-15f4258711c5的ICE Candidate
接收到来自1dcf5a91-d434-47eb-bab3-15f4258711c5的ICE Candidate
接收到来自1dcf5a91-d434-47eb-bab3-15f4258711c5的ICE Candidate
接收到来自1dcf5a91-d434-47eb-bab3-15f4258711c5的ICE Candidate
接收到来自1dcf5a91-d434-47eb-bab3-15f4258711c5的ICE Candidate
接收到来自bb0809ff-c3a7-4539-b6f0-074cc884fc00的ICE Candidate
接收到来自bb0809ff-c3a7-4539-b6f0-074cc884fc00的ICE Candidate
接收到来自bb0809ff-c3a7-4539-b6f0-074cc884fc00的ICE Candidate
接收到来自bb0809ff-c3a7-4539-b6f0-074cc884fc00的ICE Candidate
接收到来自94b2f2d0-2c8c-4889-a346-e11cf9c92bcc的ICE Candidate
接收到来自94b2f2d0-2c8c-4889-a346-e11cf9c92bcc的ICE Candidate
接收到来自94b2f2d0-2c8c-4889-a346-e11cf9c92bcc的ICE Candidate
接收到来自94b2f2d0-2c8c-4889-a346-e11cf9c92bcc的ICE Candidate
接收到来自94b2f2d0-2c8c-4889-a346-e11cf9c92bcc的ICE Candidate
接收到来自94b2f2d0-2c8c-4889-a346-e11cf9c92bcc的ICE Candidate
bb0809ff-c3a7-4539-b6f0-074cc884fc00用户离开
创建新连接
3
新用户897d4e11-feb3-4dfb-a495-185bf23be06d加入房间roomNum=1
897d4e11-feb3-4dfb-a495-185bf23be06d用户离开
创建新连接
3
新用户cf4a870c-06ad-4d43-9e09-2d607445540c加入房间roomNum=1
接收到来自cf4a870c-06ad-4d43-9e09-2d607445540c的Offer
接收到来自cf4a870c-06ad-4d43-9e09-2d607445540c的Offer
接收到来自1dcf5a91-d434-47eb-bab3-15f4258711c5的Answer
接收到来自1dcf5a91-d434-47eb-bab3-15f4258711c5的ICE Candidate
接收到来自1dcf5a91-d434-47eb-bab3-15f4258711c5的ICE Candidate
接收到来自1dcf5a91-d434-47eb-bab3-15f4258711c5的ICE Candidate
接收到来自1dcf5a91-d434-47eb-bab3-15f4258711c5的ICE Candidate
接收到来自1dcf5a91-d434-47eb-bab3-15f4258711c5的ICE Candidate
接收到来自1dcf5a91-d434-47eb-bab3-15f4258711c5的ICE Candidate
接收到来自cf4a870c-06ad-4d43-9e09-2d607445540c的ICE Candidate
接收到来自cf4a870c-06ad-4d43-9e09-2d607445540c的ICE Candidate
接收到来自cf4a870c-06ad-4d43-9e09-2d607445540c的ICE Candidate
接收到来自cf4a870c-06ad-4d43-9e09-2d607445540c的ICE Candidate
接收到来自cf4a870c-06ad-4d43-9e09-2d607445540c的ICE Candidate
接收到来自cf4a870c-06ad-4d43-9e09-2d607445540c的ICE Candidate
接收到来自94b2f2d0-2c8c-4889-a346-e11cf9c92bcc的Answer
接收到来自94b2f2d0-2c8c-4889-a346-e11cf9c92bcc的ICE Candidate
接收到来自94b2f2d0-2c8c-4889-a346-e11cf9c92bcc的ICE Candidate
接收到来自94b2f2d0-2c8c-4889-a346-e11cf9c92bcc的ICE Candidate
接收到来自94b2f2d0-2c8c-4889-a346-e11cf9c92bcc的ICE Candidate
接收到来自94b2f2d0-2c8c-4889-a346-e11cf9c92bcc的ICE Candidate
接收到来自94b2f2d0-2c8c-4889-a346-e11cf9c92bcc的ICE Candidate
接收到来自1dcf5a91-d434-47eb-bab3-15f4258711c5的ICE Candidate
接收到来自1dcf5a91-d434-47eb-bab3-15f4258711c5的ICE Candidate
接收到来自1dcf5a91-d434-47eb-bab3-15f4258711c5的ICE Candidate
接收到来自1dcf5a91-d434-47eb-bab3-15f4258711c5的ICE Candidate
接收到来自1dcf5a91-d434-47eb-bab3-15f4258711c5的ICE Candidate
接收到来自1dcf5a91-d434-47eb-bab3-15f4258711c5的ICE Candidate
接收到来自cf4a870c-06ad-4d43-9e09-2d607445540c的ICE Candidate
接收到来自cf4a870c-06ad-4d43-9e09-2d607445540c的ICE Candidate
接收到来自cf4a870c-06ad-4d43-9e09-2d607445540c的ICE Candidate
接收到来自cf4a870c-06ad-4d43-9e09-2d607445540c的ICE Candidate
接收到来自94b2f2d0-2c8c-4889-a346-e11cf9c92bcc的ICE Candidate
接收到来自94b2f2d0-2c8c-4889-a346-e11cf9c92bcc的ICE Candidate
接收到来自94b2f2d0-2c8c-4889-a346-e11cf9c92bcc的ICE Candidate
接收到来自94b2f2d0-2c8c-4889-a346-e11cf9c92bcc的ICE Candidate
接收到来自94b2f2d0-2c8c-4889-a346-e11cf9c92bcc的ICE Candidate
接收到来自94b2f2d0-2c8c-4889-a346-e11cf9c92bcc的ICE Candidate
创建新连接
4
新用户3fe6aa2a-0407-4a0c-86a2-5e0deb0cb9de加入房间roomNum=1
接收到来自3fe6aa2a-0407-4a0c-86a2-5e0deb0cb9de的Offer
接收到来自3fe6aa2a-0407-4a0c-86a2-5e0deb0cb9de的Offer
接收到来自3fe6aa2a-0407-4a0c-86a2-5e0deb0cb9de的Offer
接收到来自94b2f2d0-2c8c-4889-a346-e11cf9c92bcc的Answer
接收到来自94b2f2d0-2c8c-4889-a346-e11cf9c92bcc的ICE Candidate
接收到来自94b2f2d0-2c8c-4889-a346-e11cf9c92bcc的ICE Candidate
接收到来自94b2f2d0-2c8c-4889-a346-e11cf9c92bcc的ICE Candidate
接收到来自cf4a870c-06ad-4d43-9e09-2d607445540c的Answer
接收到来自94b2f2d0-2c8c-4889-a346-e11cf9c92bcc的ICE Candidate
接收到来自94b2f2d0-2c8c-4889-a346-e11cf9c92bcc的ICE Candidate
接收到来自94b2f2d0-2c8c-4889-a346-e11cf9c92bcc的ICE Candidate
接收到来自1dcf5a91-d434-47eb-bab3-15f4258711c5的Answer
接收到来自cf4a870c-06ad-4d43-9e09-2d607445540c的ICE Candidate
接收到来自cf4a870c-06ad-4d43-9e09-2d607445540c的ICE Candidate
接收到来自1dcf5a91-d434-47eb-bab3-15f4258711c5的ICE Candidate
接收到来自1dcf5a91-d434-47eb-bab3-15f4258711c5的ICE Candidate
接收到来自1dcf5a91-d434-47eb-bab3-15f4258711c5的ICE Candidate
接收到来自1dcf5a91-d434-47eb-bab3-15f4258711c5的ICE Candidate
接收到来自1dcf5a91-d434-47eb-bab3-15f4258711c5的ICE Candidate
接收到来自1dcf5a91-d434-47eb-bab3-15f4258711c5的ICE Candidate
接收到来自3fe6aa2a-0407-4a0c-86a2-5e0deb0cb9de的ICE Candidate
接收到来自3fe6aa2a-0407-4a0c-86a2-5e0deb0cb9de的ICE Candidate
接收到来自3fe6aa2a-0407-4a0c-86a2-5e0deb0cb9de的ICE Candidate
接收到来自3fe6aa2a-0407-4a0c-86a2-5e0deb0cb9de的ICE Candidate
接收到来自3fe6aa2a-0407-4a0c-86a2-5e0deb0cb9de的ICE Candidate
接收到来自3fe6aa2a-0407-4a0c-86a2-5e0deb0cb9de的ICE Candidate
接收到来自3fe6aa2a-0407-4a0c-86a2-5e0deb0cb9de的ICE Candidate
接收到来自3fe6aa2a-0407-4a0c-86a2-5e0deb0cb9de的ICE Candidate
接收到来自3fe6aa2a-0407-4a0c-86a2-5e0deb0cb9de的ICE Candidate
接收到来自94b2f2d0-2c8c-4889-a346-e11cf9c92bcc的ICE Candidate
接收到来自94b2f2d0-2c8c-4889-a346-e11cf9c92bcc的ICE Candidate
接收到来自94b2f2d0-2c8c-4889-a346-e11cf9c92bcc的ICE Candidate
接收到来自94b2f2d0-2c8c-4889-a346-e11cf9c92bcc的ICE Candidate
接收到来自94b2f2d0-2c8c-4889-a346-e11cf9c92bcc的ICE Candidate
接收到来自94b2f2d0-2c8c-4889-a346-e11cf9c92bcc的ICE Candidate
接收到来自3fe6aa2a-0407-4a0c-86a2-5e0deb0cb9de的ICE Candidate
接收到来自3fe6aa2a-0407-4a0c-86a2-5e0deb0cb9de的ICE Candidate
接收到来自cf4a870c-06ad-4d43-9e09-2d607445540c的ICE Candidate
接收到来自cf4a870c-06ad-4d43-9e09-2d607445540c的ICE Candidate
接收到来自3fe6aa2a-0407-4a0c-86a2-5e0deb0cb9de的ICE Candidate
接收到来自3fe6aa2a-0407-4a0c-86a2-5e0deb0cb9de的ICE Candidate
接收到来自1dcf5a91-d434-47eb-bab3-15f4258711c5的ICE Candidate
接收到来自1dcf5a91-d434-47eb-bab3-15f4258711c5的ICE Candidate
接收到来自1dcf5a91-d434-47eb-bab3-15f4258711c5的ICE Candidate
接收到来自1dcf5a91-d434-47eb-bab3-15f4258711c5的ICE Candidate
接收到来自1dcf5a91-d434-47eb-bab3-15f4258711c5的ICE Candidate
接收到来自1dcf5a91-d434-47eb-bab3-15f4258711c5的ICE Candidate
创建新连接
5
新用户11981268-4236-4bdc-b49a-b815afec9962加入房间roomNum=1
接收到来自11981268-4236-4bdc-b49a-b815afec9962的Offer
接收到来自11981268-4236-4bdc-b49a-b815afec9962的Offer
接收到来自11981268-4236-4bdc-b49a-b815afec9962的Offer
接收到来自11981268-4236-4bdc-b49a-b815afec9962的Offer
接收到来自11981268-4236-4bdc-b49a-b815afec9962的ICE Candidate
接收到来自11981268-4236-4bdc-b49a-b815afec9962的ICE Candidate
接收到来自11981268-4236-4bdc-b49a-b815afec9962的ICE Candidate
接收到来自11981268-4236-4bdc-b49a-b815afec9962的ICE Candidate
接收到来自11981268-4236-4bdc-b49a-b815afec9962的ICE Candidate
接收到来自11981268-4236-4bdc-b49a-b815afec9962的ICE Candidate
接收到来自11981268-4236-4bdc-b49a-b815afec9962的ICE Candidate
接收到来自11981268-4236-4bdc-b49a-b815afec9962的ICE Candidate
接收到来自11981268-4236-4bdc-b49a-b815afec9962的ICE Candidate
接收到来自11981268-4236-4bdc-b49a-b815afec9962的ICE Candidate
接收到来自11981268-4236-4bdc-b49a-b815afec9962的ICE Candidate
接收到来自11981268-4236-4bdc-b49a-b815afec9962的ICE Candidate
接收到来自11981268-4236-4bdc-b49a-b815afec9962的ICE Candidate
接收到来自11981268-4236-4bdc-b49a-b815afec9962的ICE Candidate
接收到来自11981268-4236-4bdc-b49a-b815afec9962的ICE Candidate
接收到来自11981268-4236-4bdc-b49a-b815afec9962的ICE Candidate
接收到来自11981268-4236-4bdc-b49a-b815afec9962的ICE Candidate
接收到来自11981268-4236-4bdc-b49a-b815afec9962的ICE Candidate
接收到来自11981268-4236-4bdc-b49a-b815afec9962的ICE Candidate
接收到来自11981268-4236-4bdc-b49a-b815afec9962的ICE Candidate
接收到来自11981268-4236-4bdc-b49a-b815afec9962的ICE Candidate
接收到来自11981268-4236-4bdc-b49a-b815afec9962的ICE Candidate
接收到来自11981268-4236-4bdc-b49a-b815afec9962的ICE Candidate
接收到来自cf4a870c-06ad-4d43-9e09-2d607445540c的Answer
接收到来自3fe6aa2a-0407-4a0c-86a2-5e0deb0cb9de的Answer
接收到来自11981268-4236-4bdc-b49a-b815afec9962的ICE Candidate
接收到来自11981268-4236-4bdc-b49a-b815afec9962的ICE Candidate
接收到来自11981268-4236-4bdc-b49a-b815afec9962的ICE Candidate
接收到来自11981268-4236-4bdc-b49a-b815afec9962的ICE Candidate
接收到来自11981268-4236-4bdc-b49a-b815afec9962的ICE Candidate
接收到来自11981268-4236-4bdc-b49a-b815afec9962的ICE Candidate
接收到来自11981268-4236-4bdc-b49a-b815afec9962的ICE Candidate
接收到来自11981268-4236-4bdc-b49a-b815afec9962的ICE Candidate
接收到来自11981268-4236-4bdc-b49a-b815afec9962的ICE Candidate
接收到来自11981268-4236-4bdc-b49a-b815afec9962的ICE Candidate
接收到来自11981268-4236-4bdc-b49a-b815afec9962的ICE Candidate
接收到来自11981268-4236-4bdc-b49a-b815afec9962的ICE Candidate
接收到来自11981268-4236-4bdc-b49a-b815afec9962的ICE Candidate
接收到来自3fe6aa2a-0407-4a0c-86a2-5e0deb0cb9de的ICE Candidate
接收到来自3fe6aa2a-0407-4a0c-86a2-5e0deb0cb9de的ICE Candidate
接收到来自94b2f2d0-2c8c-4889-a346-e11cf9c92bcc的Answer
接收到来自1dcf5a91-d434-47eb-bab3-15f4258711c5的Answer
接收到来自11981268-4236-4bdc-b49a-b815afec9962的ICE Candidate
接收到来自11981268-4236-4bdc-b49a-b815afec9962的ICE Candidate
接收到来自11981268-4236-4bdc-b49a-b815afec9962的ICE Candidate
接收到来自11981268-4236-4bdc-b49a-b815afec9962的ICE Candidate
接收到来自11981268-4236-4bdc-b49a-b815afec9962的ICE Candidate
接收到来自11981268-4236-4bdc-b49a-b815afec9962的ICE Candidate
接收到来自11981268-4236-4bdc-b49a-b815afec9962的ICE Candidate
接收到来自11981268-4236-4bdc-b49a-b815afec9962的ICE Candidate
接收到来自11981268-4236-4bdc-b49a-b815afec9962的ICE Candidate
接收到来自1dcf5a91-d434-47eb-bab3-15f4258711c5的ICE Candidate
接收到来自11981268-4236-4bdc-b49a-b815afec9962的ICE Candidate
接收到来自11981268-4236-4bdc-b49a-b815afec9962的ICE Candidate
接收到来自11981268-4236-4bdc-b49a-b815afec9962的ICE Candidate
接收到来自11981268-4236-4bdc-b49a-b815afec9962的ICE Candidate
接收到来自11981268-4236-4bdc-b49a-b815afec9962的ICE Candidate
接收到来自11981268-4236-4bdc-b49a-b815afec9962的ICE Candidate
接收到来自11981268-4236-4bdc-b49a-b815afec9962的ICE Candidate
接收到来自11981268-4236-4bdc-b49a-b815afec9962的ICE Candidate
接收到来自94b2f2d0-2c8c-4889-a346-e11cf9c92bcc的ICE Candidate
接收到来自94b2f2d0-2c8c-4889-a346-e11cf9c92bcc的ICE Candidate
接收到来自94b2f2d0-2c8c-4889-a346-e11cf9c92bcc的ICE Candidate
接收到来自1dcf5a91-d434-47eb-bab3-15f4258711c5的ICE Candidate
接收到来自94b2f2d0-2c8c-4889-a346-e11cf9c92bcc的ICE Candidate
接收到来自1dcf5a91-d434-47eb-bab3-15f4258711c5的ICE Candidate
接收到来自11981268-4236-4bdc-b49a-b815afec9962的ICE Candidate
接收到来自11981268-4236-4bdc-b49a-b815afec9962的ICE Candidate
接收到来自11981268-4236-4bdc-b49a-b815afec9962的ICE Candidate
接收到来自11981268-4236-4bdc-b49a-b815afec9962的ICE Candidate
接收到来自94b2f2d0-2c8c-4889-a346-e11cf9c92bcc的ICE Candidate
接收到来自11981268-4236-4bdc-b49a-b815afec9962的ICE Candidate
接收到来自94b2f2d0-2c8c-4889-a346-e11cf9c92bcc的ICE Candidate
接收到来自11981268-4236-4bdc-b49a-b815afec9962的ICE Candidate
接收到来自11981268-4236-4bdc-b49a-b815afec9962的ICE Candidate
接收到来自11981268-4236-4bdc-b49a-b815afec9962的ICE Candidate
接收到来自11981268-4236-4bdc-b49a-b815afec9962的ICE Candidate
接收到来自11981268-4236-4bdc-b49a-b815afec9962的ICE Candidate
接收到来自11981268-4236-4bdc-b49a-b815afec9962的ICE Candidate
接收到来自11981268-4236-4bdc-b49a-b815afec9962的ICE Candidate
接收到来自11981268-4236-4bdc-b49a-b815afec9962的ICE Candidate
接收到来自cf4a870c-06ad-4d43-9e09-2d607445540c的ICE Candidate
接收到来自cf4a870c-06ad-4d43-9e09-2d607445540c的ICE Candidate
接收到来自1dcf5a91-d434-47eb-bab3-15f4258711c5的ICE Candidate
接收到来自1dcf5a91-d434-47eb-bab3-15f4258711c5的ICE Candidate
接收到来自1dcf5a91-d434-47eb-bab3-15f4258711c5的ICE Candidate
接收到来自3fe6aa2a-0407-4a0c-86a2-5e0deb0cb9de的ICE Candidate
接收到来自3fe6aa2a-0407-4a0c-86a2-5e0deb0cb9de的ICE Candidate
接收到来自cf4a870c-06ad-4d43-9e09-2d607445540c的ICE Candidate
接收到来自cf4a870c-06ad-4d43-9e09-2d607445540c的ICE Candidate
11981268-4236-4bdc-b49a-b815afec9962用户离开
3fe6aa2a-0407-4a0c-86a2-5e0deb0cb9de用户离开
创建新连接
4
新用户4a3f6df0-8f6e-4456-9a2c-99bf62b3448e加入房间roomNum=1
接收到来自4a3f6df0-8f6e-4456-9a2c-99bf62b3448e的Offer
接收到来自4a3f6df0-8f6e-4456-9a2c-99bf62b3448e的Offer
接收到来自4a3f6df0-8f6e-4456-9a2c-99bf62b3448e的Offer
接收到来自1dcf5a91-d434-47eb-bab3-15f4258711c5的Answer
接收到来自94b2f2d0-2c8c-4889-a346-e11cf9c92bcc的Answer
接收到来自cf4a870c-06ad-4d43-9e09-2d607445540c的Answer
接收到来自1dcf5a91-d434-47eb-bab3-15f4258711c5的ICE Candidate
接收到来自1dcf5a91-d434-47eb-bab3-15f4258711c5的ICE Candidate
接收到来自1dcf5a91-d434-47eb-bab3-15f4258711c5的ICE Candidate
接收到来自1dcf5a91-d434-47eb-bab3-15f4258711c5的ICE Candidate
接收到来自1dcf5a91-d434-47eb-bab3-15f4258711c5的ICE Candidate
接收到来自1dcf5a91-d434-47eb-bab3-15f4258711c5的ICE Candidate
接收到来自94b2f2d0-2c8c-4889-a346-e11cf9c92bcc的ICE Candidate
接收到来自94b2f2d0-2c8c-4889-a346-e11cf9c92bcc的ICE Candidate
接收到来自94b2f2d0-2c8c-4889-a346-e11cf9c92bcc的ICE Candidate
接收到来自94b2f2d0-2c8c-4889-a346-e11cf9c92bcc的ICE Candidate
接收到来自94b2f2d0-2c8c-4889-a346-e11cf9c92bcc的ICE Candidate
接收到来自94b2f2d0-2c8c-4889-a346-e11cf9c92bcc的ICE Candidate
接收到来自cf4a870c-06ad-4d43-9e09-2d607445540c的ICE Candidate
接收到来自cf4a870c-06ad-4d43-9e09-2d607445540c的ICE Candidate
接收到来自1dcf5a91-d434-47eb-bab3-15f4258711c5的ICE Candidate
接收到来自1dcf5a91-d434-47eb-bab3-15f4258711c5的ICE Candidate
接收到来自1dcf5a91-d434-47eb-bab3-15f4258711c5的ICE Candidate
接收到来自1dcf5a91-d434-47eb-bab3-15f4258711c5的ICE Candidate
接收到来自1dcf5a91-d434-47eb-bab3-15f4258711c5的ICE Candidate
接收到来自1dcf5a91-d434-47eb-bab3-15f4258711c5的ICE Candidate
接收到来自4a3f6df0-8f6e-4456-9a2c-99bf62b3448e的ICE Candidate
接收到来自4a3f6df0-8f6e-4456-9a2c-99bf62b3448e的ICE Candidate
接收到来自4a3f6df0-8f6e-4456-9a2c-99bf62b3448e的ICE Candidate
接收到来自4a3f6df0-8f6e-4456-9a2c-99bf62b3448e的ICE Candidate
接收到来自94b2f2d0-2c8c-4889-a346-e11cf9c92bcc的ICE Candidate
接收到来自94b2f2d0-2c8c-4889-a346-e11cf9c92bcc的ICE Candidate
接收到来自4a3f6df0-8f6e-4456-9a2c-99bf62b3448e的ICE Candidate
接收到来自4a3f6df0-8f6e-4456-9a2c-99bf62b3448e的ICE Candidate
接收到来自4a3f6df0-8f6e-4456-9a2c-99bf62b3448e的ICE Candidate
接收到来自4a3f6df0-8f6e-4456-9a2c-99bf62b3448e的ICE Candidate
接收到来自94b2f2d0-2c8c-4889-a346-e11cf9c92bcc的ICE Candidate
接收到来自94b2f2d0-2c8c-4889-a346-e11cf9c92bcc的ICE Candidate
接收到来自94b2f2d0-2c8c-4889-a346-e11cf9c92bcc的ICE Candidate
接收到来自94b2f2d0-2c8c-4889-a346-e11cf9c92bcc的ICE Candidate
接收到来自cf4a870c-06ad-4d43-9e09-2d607445540c的ICE Candidate
接收到来自cf4a870c-06ad-4d43-9e09-2d607445540c的ICE Candidate
接收到来自4a3f6df0-8f6e-4456-9a2c-99bf62b3448e的ICE Candidate
接收到来自4a3f6df0-8f6e-4456-9a2c-99bf62b3448e的ICE Candidate
接收到来自4a3f6df0-8f6e-4456-9a2c-99bf62b3448e的ICE Candidate
接收到来自4a3f6df0-8f6e-4456-9a2c-99bf62b3448e的ICE Candidate
创建新连接
5
新用户374ccf31-8b4f-4b4c-813b-afe047b07d2a加入房间roomNum=1
接收到来自374ccf31-8b4f-4b4c-813b-afe047b07d2a的Offer
接收到来自374ccf31-8b4f-4b4c-813b-afe047b07d2a的Offer
接收到来自374ccf31-8b4f-4b4c-813b-afe047b07d2a的Offer
接收到来自374ccf31-8b4f-4b4c-813b-afe047b07d2a的Offer
接收到来自374ccf31-8b4f-4b4c-813b-afe047b07d2a的ICE Candidate
接收到来自374ccf31-8b4f-4b4c-813b-afe047b07d2a的ICE Candidate
接收到来自374ccf31-8b4f-4b4c-813b-afe047b07d2a的ICE Candidate
接收到来自374ccf31-8b4f-4b4c-813b-afe047b07d2a的ICE Candidate
接收到来自374ccf31-8b4f-4b4c-813b-afe047b07d2a的ICE Candidate
接收到来自374ccf31-8b4f-4b4c-813b-afe047b07d2a的ICE Candidate
接收到来自374ccf31-8b4f-4b4c-813b-afe047b07d2a的ICE Candidate
接收到来自374ccf31-8b4f-4b4c-813b-afe047b07d2a的ICE Candidate
接收到来自374ccf31-8b4f-4b4c-813b-afe047b07d2a的ICE Candidate
接收到来自cf4a870c-06ad-4d43-9e09-2d607445540c的Answer
接收到来自374ccf31-8b4f-4b4c-813b-afe047b07d2a的ICE Candidate
接收到来自374ccf31-8b4f-4b4c-813b-afe047b07d2a的ICE Candidate
接收到来自374ccf31-8b4f-4b4c-813b-afe047b07d2a的ICE Candidate
接收到来自374ccf31-8b4f-4b4c-813b-afe047b07d2a的ICE Candidate
接收到来自374ccf31-8b4f-4b4c-813b-afe047b07d2a的ICE Candidate
接收到来自4a3f6df0-8f6e-4456-9a2c-99bf62b3448e的Answer
接收到来自374ccf31-8b4f-4b4c-813b-afe047b07d2a的ICE Candidate
接收到来自374ccf31-8b4f-4b4c-813b-afe047b07d2a的ICE Candidate
接收到来自374ccf31-8b4f-4b4c-813b-afe047b07d2a的ICE Candidate
接收到来自374ccf31-8b4f-4b4c-813b-afe047b07d2a的ICE Candidate
接收到来自374ccf31-8b4f-4b4c-813b-afe047b07d2a的ICE Candidate
接收到来自374ccf31-8b4f-4b4c-813b-afe047b07d2a的ICE Candidate
接收到来自374ccf31-8b4f-4b4c-813b-afe047b07d2a的ICE Candidate
接收到来自374ccf31-8b4f-4b4c-813b-afe047b07d2a的ICE Candidate
接收到来自374ccf31-8b4f-4b4c-813b-afe047b07d2a的ICE Candidate
接收到来自374ccf31-8b4f-4b4c-813b-afe047b07d2a的ICE Candidate
接收到来自374ccf31-8b4f-4b4c-813b-afe047b07d2a的ICE Candidate
接收到来自374ccf31-8b4f-4b4c-813b-afe047b07d2a的ICE Candidate
接收到来自374ccf31-8b4f-4b4c-813b-afe047b07d2a的ICE Candidate
接收到来自374ccf31-8b4f-4b4c-813b-afe047b07d2a的ICE Candidate
接收到来自374ccf31-8b4f-4b4c-813b-afe047b07d2a的ICE Candidate
接收到来自374ccf31-8b4f-4b4c-813b-afe047b07d2a的ICE Candidate
接收到来自374ccf31-8b4f-4b4c-813b-afe047b07d2a的ICE Candidate
接收到来自374ccf31-8b4f-4b4c-813b-afe047b07d2a的ICE Candidate
接收到来自374ccf31-8b4f-4b4c-813b-afe047b07d2a的ICE Candidate
接收到来自374ccf31-8b4f-4b4c-813b-afe047b07d2a的ICE Candidate
接收到来自374ccf31-8b4f-4b4c-813b-afe047b07d2a的ICE Candidate
接收到来自374ccf31-8b4f-4b4c-813b-afe047b07d2a的ICE Candidate
接收到来自cf4a870c-06ad-4d43-9e09-2d607445540c的ICE Candidate
接收到来自cf4a870c-06ad-4d43-9e09-2d607445540c的ICE Candidate
接收到来自4a3f6df0-8f6e-4456-9a2c-99bf62b3448e的ICE Candidate
接收到来自4a3f6df0-8f6e-4456-9a2c-99bf62b3448e的ICE Candidate
接收到来自94b2f2d0-2c8c-4889-a346-e11cf9c92bcc的Answer
接收到来自374ccf31-8b4f-4b4c-813b-afe047b07d2a的ICE Candidate
接收到来自374ccf31-8b4f-4b4c-813b-afe047b07d2a的ICE Candidate
接收到来自374ccf31-8b4f-4b4c-813b-afe047b07d2a的ICE Candidate
接收到来自374ccf31-8b4f-4b4c-813b-afe047b07d2a的ICE Candidate
接收到来自374ccf31-8b4f-4b4c-813b-afe047b07d2a的ICE Candidate
接收到来自374ccf31-8b4f-4b4c-813b-afe047b07d2a的ICE Candidate
接收到来自374ccf31-8b4f-4b4c-813b-afe047b07d2a的ICE Candidate
接收到来自374ccf31-8b4f-4b4c-813b-afe047b07d2a的ICE Candidate
接收到来自374ccf31-8b4f-4b4c-813b-afe047b07d2a的ICE Candidate
接收到来自374ccf31-8b4f-4b4c-813b-afe047b07d2a的ICE Candidate
接收到来自374ccf31-8b4f-4b4c-813b-afe047b07d2a的ICE Candidate
接收到来自374ccf31-8b4f-4b4c-813b-afe047b07d2a的ICE Candidate
接收到来自374ccf31-8b4f-4b4c-813b-afe047b07d2a的ICE Candidate
接收到来自374ccf31-8b4f-4b4c-813b-afe047b07d2a的ICE Candidate
接收到来自374ccf31-8b4f-4b4c-813b-afe047b07d2a的ICE Candidate
接收到来自374ccf31-8b4f-4b4c-813b-afe047b07d2a的ICE Candidate
接收到来自374ccf31-8b4f-4b4c-813b-afe047b07d2a的ICE Candidate
接收到来自374ccf31-8b4f-4b4c-813b-afe047b07d2a的ICE Candidate
接收到来自374ccf31-8b4f-4b4c-813b-afe047b07d2a的ICE Candidate
接收到来自374ccf31-8b4f-4b4c-813b-afe047b07d2a的ICE Candidate
接收到来自374ccf31-8b4f-4b4c-813b-afe047b07d2a的ICE Candidate
接收到来自374ccf31-8b4f-4b4c-813b-afe047b07d2a的ICE Candidate
接收到来自374ccf31-8b4f-4b4c-813b-afe047b07d2a的ICE Candidate
接收到来自374ccf31-8b4f-4b4c-813b-afe047b07d2a的ICE Candidate
接收到来自374ccf31-8b4f-4b4c-813b-afe047b07d2a的ICE Candidate
接收到来自374ccf31-8b4f-4b4c-813b-afe047b07d2a的ICE Candidate
接收到来自374ccf31-8b4f-4b4c-813b-afe047b07d2a的ICE Candidate
接收到来自374ccf31-8b4f-4b4c-813b-afe047b07d2a的ICE Candidate
接收到来自374ccf31-8b4f-4b4c-813b-afe047b07d2a的ICE Candidate
接收到来自374ccf31-8b4f-4b4c-813b-afe047b07d2a的ICE Candidate
接收到来自1dcf5a91-d434-47eb-bab3-15f4258711c5的Answer
接收到来自94b2f2d0-2c8c-4889-a346-e11cf9c92bcc的ICE Candidate
接收到来自94b2f2d0-2c8c-4889-a346-e11cf9c92bcc的ICE Candidate
接收到来自94b2f2d0-2c8c-4889-a346-e11cf9c92bcc的ICE Candidate
接收到来自94b2f2d0-2c8c-4889-a346-e11cf9c92bcc的ICE Candidate
接收到来自94b2f2d0-2c8c-4889-a346-e11cf9c92bcc的ICE Candidate
接收到来自94b2f2d0-2c8c-4889-a346-e11cf9c92bcc的ICE Candidate
接收到来自1dcf5a91-d434-47eb-bab3-15f4258711c5的ICE Candidate
接收到来自1dcf5a91-d434-47eb-bab3-15f4258711c5的ICE Candidate
接收到来自1dcf5a91-d434-47eb-bab3-15f4258711c5的ICE Candidate
接收到来自1dcf5a91-d434-47eb-bab3-15f4258711c5的ICE Candidate
接收到来自1dcf5a91-d434-47eb-bab3-15f4258711c5的ICE Candidate
接收到来自1dcf5a91-d434-47eb-bab3-15f4258711c5的ICE Candidate
接收到来自cf4a870c-06ad-4d43-9e09-2d607445540c的ICE Candidate
接收到来自cf4a870c-06ad-4d43-9e09-2d607445540c的ICE Candidate
接收到来自4a3f6df0-8f6e-4456-9a2c-99bf62b3448e的ICE Candidate
接收到来自4a3f6df0-8f6e-4456-9a2c-99bf62b3448e的ICE Candidate
接收到来自94b2f2d0-2c8c-4889-a346-e11cf9c92bcc的ICE Candidate
接收到来自94b2f2d0-2c8c-4889-a346-e11cf9c92bcc的ICE Candidate
接收到来自94b2f2d0-2c8c-4889-a346-e11cf9c92bcc的ICE Candidate
接收到来自94b2f2d0-2c8c-4889-a346-e11cf9c92bcc的ICE Candidate
接收到来自1dcf5a91-d434-47eb-bab3-15f4258711c5的ICE Candidate
接收到来自1dcf5a91-d434-47eb-bab3-15f4258711c5的ICE Candidate
接收到来自1dcf5a91-d434-47eb-bab3-15f4258711c5的ICE Candidate
接收到来自1dcf5a91-d434-47eb-bab3-15f4258711c5的ICE Candidate
接收到来自1dcf5a91-d434-47eb-bab3-15f4258711c5的ICE Candidate
接收到来自1dcf5a91-d434-47eb-bab3-15f4258711c5的ICE Candidate
374ccf31-8b4f-4b4c-813b-afe047b07d2a用户离开
1dcf5a91-d434-47eb-bab3-15f4258711c5用户离开
94b2f2d0-2c8c-4889-a346-e11cf9c92bcc用户离开
4a3f6df0-8f6e-4456-9a2c-99bf62b3448e用户离开
cf4a870c-06ad-4d43-9e09-2d607445540c用户离开
创建新连接
1
新用户b6ca56f7-16a8-4fdd-9f83-43a6e3544b40加入房间roomNum=hubeidiaodu
创建新连接
2
新用户02c3f51d-b44b-42d0-bb56-d3e24d89a72c加入房间roomNum=diandiao&audio=true
b6ca56f7-16a8-4fdd-9f83-43a6e3544b40用户离开
02c3f51d-b44b-42d0-bb56-d3e24d89a72c用户离开
(node) warning: possible EventEmitter memory leak detected. 11 listeners added. Use emitter.setMaxListeners() to increase limit.
Trace
    at Socket.EventEmitter.addListener (events.js:160:15)
    at Socket.Readable.on (_stream_readable.js:653:33)
    at Socket.EventEmitter.once (events.js:179:8)
    at TCP.onread (net.js:527:26)
创建新连接
1
新用户81d12534-77ef-4eb8-afb1-92c58d2b182d加入房间roomNum=1091&audio=false
81d12534-77ef-4eb8-afb1-92c58d2b182d用户离开
FATAL ERROR: CALL_AND_RETRY_2 Allocation failed - process out of memory
