0 info it worked if it ends with ok
1 verbose cli [ 'D:\\Program Files\\nodejs\\node.exe',
1 verbose cli   'D:\\Program Files\\nodejs\\node_modules\\npm\\bin\\npm-cli.js',
1 verbose cli   'install',
1 verbose cli   'nodejs-https' ]
2 info using npm@2.14.12
3 info using node@v4.3.2
4 verbose install initial load of E:\WorkSpace\Nodejs_WorkSpace\WebRTC\package.json
5 warn package.json SkyRTC-demo@ No repository field.
6 warn package.json SkyRTC-demo@ No license field.
7 verbose installManyTop reading scoped package data from E:\WorkSpace\Nodejs_WorkSpace\WebRTC\node_modules\express\package.json
8 verbose installManyTop reading scoped package data from E:\WorkSpace\Nodejs_WorkSpace\WebRTC\node_modules\log4js\package.json
9 verbose installManyTop reading scoped package data from E:\WorkSpace\Nodejs_WorkSpace\WebRTC\node_modules\node-uuid\package.json
10 verbose installManyTop reading scoped package data from E:\WorkSpace\Nodejs_WorkSpace\WebRTC\node_modules\skyrtc\package.json
11 verbose installManyTop reading scoped package data from E:\WorkSpace\Nodejs_WorkSpace\WebRTC\node_modules\ws\package.json
12 info package.json express@3.1.0 No license field.
13 info package.json node-uuid@1.4.3 No license field.
14 verbose readDependencies loading dependencies from E:\WorkSpace\Nodejs_WorkSpace\WebRTC\package.json
15 silly cache add args [ 'nodejs-https', null ]
16 verbose cache add spec nodejs-https
17 silly cache add parsed spec Result {
17 silly cache add   raw: 'nodejs-https',
17 silly cache add   scope: null,
17 silly cache add   name: 'nodejs-https',
17 silly cache add   rawSpec: '',
17 silly cache add   spec: 'latest',
17 silly cache add   type: 'tag' }
18 silly addNamed nodejs-https@latest
19 verbose addNamed "latest" is being treated as a dist-tag for nodejs-https
20 info addNameTag [ 'nodejs-https', 'latest' ]
21 silly mapToRegistry name nodejs-https
22 silly mapToRegistry using default registry
23 silly mapToRegistry registry https://registry.npmjs.org/
24 silly mapToRegistry uri https://registry.npmjs.org/nodejs-https
25 verbose addNameTag registry:https://registry.npmjs.org/nodejs-https not in flight; fetching
26 verbose request uri https://registry.npmjs.org/nodejs-https
27 verbose request no auth needed
28 info attempt registry request try #1 at 17:47:33
29 verbose request id 7e0b1b3a1b9eabda
30 http request GET https://registry.npmjs.org/nodejs-https
31 info retry will retry, error on last attempt: Error: read ECONNRESET
32 info attempt registry request try #2 at 17:48:25
33 http request GET https://registry.npmjs.org/nodejs-https
34 http 404 https://registry.npmjs.org/nodejs-https
35 verbose headers { 'content-type': 'application/json',
35 verbose headers   'cache-control': 'max-age=0',
35 verbose headers   'content-length': '2',
35 verbose headers   'accept-ranges': 'bytes',
35 verbose headers   date: 'Fri, 29 Apr 2016 09:51:47 GMT',
35 verbose headers   via: '1.1 varnish',
35 verbose headers   age: '0',
35 verbose headers   connection: 'keep-alive',
35 verbose headers   'x-served-by': 'cache-lax1427-LAX',
35 verbose headers   'x-cache': 'MISS',
35 verbose headers   'x-cache-hits': '0',
35 verbose headers   'x-timer': 'S1461923507.511440,VS0,VE92',
35 verbose headers   vary: 'Accept-Encoding' }
36 silly get cb [ 404,
36 silly get   { 'content-type': 'application/json',
36 silly get     'cache-control': 'max-age=0',
36 silly get     'content-length': '2',
36 silly get     'accept-ranges': 'bytes',
36 silly get     date: 'Fri, 29 Apr 2016 09:51:47 GMT',
36 silly get     via: '1.1 varnish',
36 silly get     age: '0',
36 silly get     connection: 'keep-alive',
36 silly get     'x-served-by': 'cache-lax1427-LAX',
36 silly get     'x-cache': 'MISS',
36 silly get     'x-cache-hits': '0',
36 silly get     'x-timer': 'S1461923507.511440,VS0,VE92',
36 silly get     vary: 'Accept-Encoding' } ]
37 verbose stack Error: Registry returned 404 for GET on https://registry.npmjs.org/nodejs-https
37 verbose stack     at makeError (D:\Program Files\nodejs\node_modules\npm\node_modules\npm-registry-client\lib\request.js:264:12)
37 verbose stack     at CachingRegistryClient.<anonymous> (D:\Program Files\nodejs\node_modules\npm\node_modules\npm-registry-client\lib\request.js:242:14)
37 verbose stack     at Request._callback (D:\Program Files\nodejs\node_modules\npm\node_modules\npm-registry-client\lib\request.js:172:14)
37 verbose stack     at Request.self.callback (D:\Program Files\nodejs\node_modules\npm\node_modules\request\request.js:198:22)
37 verbose stack     at emitTwo (events.js:87:13)
37 verbose stack     at Request.emit (events.js:172:7)
37 verbose stack     at Request.<anonymous> (D:\Program Files\nodejs\node_modules\npm\node_modules\request\request.js:1082:10)
37 verbose stack     at emitOne (events.js:82:20)
37 verbose stack     at Request.emit (events.js:169:7)
37 verbose stack     at IncomingMessage.<anonymous> (D:\Program Files\nodejs\node_modules\npm\node_modules\request\request.js:1009:12)
38 verbose statusCode 404
39 verbose pkgid nodejs-https
40 verbose cwd E:\WorkSpace\Nodejs_WorkSpace\WebRTC
41 error Windows_NT 10.0.10586
42 error argv "D:\\Program Files\\nodejs\\node.exe" "D:\\Program Files\\nodejs\\node_modules\\npm\\bin\\npm-cli.js" "install" "nodejs-https"
43 error node v4.3.2
44 error npm  v2.14.12
45 error code E404
46 error 404 Registry returned 404 for GET on https://registry.npmjs.org/nodejs-https
46 error 404
46 error 404 'nodejs-https' is not in the npm registry.
46 error 404 You should bug the author to publish it (or use the name yourself!)
46 error 404 It was specified as a dependency of 'SkyRTC-demo'
46 error 404
46 error 404 Note that you can also install from a
46 error 404 tarball, folder, http url, or git url.
47 verbose exit [ 1, true ]
